2026-07-08 00:01:52.493 DEBUG [main] org.hibernate.SQL - insert into location (created_at,deleted_at,description,image_url,name,updated_at,version,id) values (?,?,?,?,?,?,?,?)
2026-07-08 00:01:52.627 TRACE [main] org.hibernate.orm.jdbc.bind - binding parameter (1:TIMESTAMP) <- [2026-07-08T00:01:52.325156]
2026-07-08 00:01:52.851 TRACE [main] org.hibernate.orm.jdbc.bind - binding parameter (2:TIMESTAMP) <- [null]
2026-07-08 00:01:52.860 TRACE [main] org.hibernate.orm.jdbc.bind - binding parameter (3:VARCHAR) <- [Località verificata tramite OpenStreetMap.]
2026-07-08 00:01:52.866 TRACE [main] org.hibernate.orm.jdbc.bind - binding parameter (4:VARCHAR) <- [null]
2026-07-08 00:01:52.870 TRACE [main] org.hibernate.orm.jdbc.bind - binding parameter (5:VARCHAR) <- [Roma, Italia]
2026-07-08 00:01:52.873 TRACE [main] org.hibernate.orm.jdbc.bind - binding parameter (6:TIMESTAMP) <- [2026-07-08T00:01:52.325403]
2026-07-08 00:01:52.880 TRACE [main] org.hibernate.orm.jdbc.bind - binding parameter (7:BIGINT) <- [0]
2026-07-08 00:01:52.884 TRACE [main] org.hibernate.orm.jdbc.bind - binding parameter (8:UUID) <- [f794e406-a427-469b-9b38-cc738f2e6bd0]
2026-07-08 00:01:53.046 DEBUG [main] org.hibernate.SQL - select l1_0.id,l1_0.created_at,l1_0.deleted_at,l1_0.description,l1_0.image_url,l1_0.name,l1_0.updated_at,l1_0.version from location l1_0 where (l1_0.deleted_at IS NULL) and upper(l1_0.name)=upper(?)
2026-07-08 00:01:53.058 TRACE [main] org.hibernate.orm.jdbc.bind - binding parameter (1:VARCHAR) <- [Parigi, Francia]
2026-07-08 00:01:53.145 DEBUG [main] org.hibernate.SQL - select l1_0.id,l1_0.created_at,l1_0.deleted_at,l1_0.description,l1_0.image_url,l1_0.name,l1_0.updated_at,l1_0.version from location l1_0 where (l1_0.deleted_at IS NULL)
2026-07-08 00:01:53.621 DEBUG [main] org.hibernate.SQL - insert into location (created_at,deleted_at,description,image_url,name,updated_at,version,id) values (?,?,?,?,?,?,?,?)
2026-07-08 00:01:53.633 TRACE [main] org.hibernate.orm.jdbc.bind - binding parameter (1:TIMESTAMP) <- [2026-07-08T00:01:53.620627]
2026-07-08 00:01:53.635 TRACE [main] org.hibernate.orm.jdbc.bind - binding parameter (2:TIMESTAMP) <- [null]
2026-07-08 00:01:53.636 TRACE [main] org.hibernate.orm.jdbc.bind - binding parameter (3:VARCHAR) <- [Località verificata tramite OpenStreetMap.]
2026-07-08 00:01:53.638 TRACE [main] org.hibernate.orm.jdbc.bind - binding parameter (4:VARCHAR) <- [null]
2026-07-08 00:01:53.638 TRACE [main] org.hibernate.orm.jdbc.bind - binding parameter (5:VARCHAR) <- [Parigi, Francia]
2026-07-08 00:01:53.639 TRACE [main] org.hibernate.orm.jdbc.bind - binding parameter (6:TIMESTAMP) <- [2026-07-08T00:01:53.620754]
2026-07-08 00:01:53.639 TRACE [main] org.hibernate.orm.jdbc.bind - binding parameter (7:BIGINT) <- [0]
2026-07-08 00:01:53.640 TRACE [main] org.hibernate.orm.jdbc.bind - binding parameter (8:UUID) <- [c4dcfe31-fb40-4d83-b09c-a305c40c7d09]
2026-07-08 00:01:53.642 DEBUG [main] org.hibernate.SQL - select l1_0.id,l1_0.created_at,l1_0.deleted_at,l1_0.description,l1_0.image_url,l1_0.name,l1_0.updated_at,l1_0.version from location l1_0 where (l1_0.deleted_at IS NULL) and upper(l1_0.name)=upper(?)
2026-07-08 00:01:53.643 TRACE [main] org.hibernate.orm.jdbc.bind - binding parameter (1:VARCHAR) <- [Londra, Regno Unito]
2026-07-08 00:01:53.646 DEBUG [main] org.hibernate.SQL - select l1_0.id,l1_0.created_at,l1_0.deleted_at,l1_0.description,l1_0.image_url,l1_0.name,l1_0.updated_at,l1_0.version from location l1_0 where (l1_0.deleted_at IS NULL)
2026-07-08 00:01:54.018 DEBUG [main] org.hibernate.SQL - insert into location (created_at,deleted_at,description,image_url,name,updated_at,version,id) values (?,?,?,?,?,?,?,?)
2026-07-08 00:01:54.029 TRACE [main] org.hibernate.orm.jdbc.bind - binding parameter (1:TIMESTAMP) <- [2026-07-08T00:01:54.018392]
2026-07-08 00:01:54.036 TRACE [main] org.hibernate.orm.jdbc.bind - binding parameter (2:TIMESTAMP) <- [null]
2026-07-08 00:01:54.037 TRACE [main] org.hibernate.orm.jdbc.bind - binding parameter (3:VARCHAR) <- [Località verificata tramite OpenStreetMap.]
2026-07-08 00:01:54.038 TRACE [main] org.hibernate.orm.jdbc.bind - binding parameter (4:VARCHAR) <- [null]
2026-07-08 00:01:54.045 TRACE [main] org.hibernate.orm.jdbc.bind - binding parameter (5:VARCHAR) <- [Londra, Regno Unito]
2026-07-08 00:01:54.046 TRACE [main] org.hibernate.orm.jdbc.bind - binding parameter (6:TIMESTAMP) <- [2026-07-08T00:01:54.018531]
2026-07-08 00:01:54.046 TRACE [main] org.hibernate.orm.jdbc.bind - binding parameter (7:BIGINT) <- [0]
2026-07-08 00:01:54.049 TRACE [main] org.hibernate.orm.jdbc.bind - binding parameter (8:UUID) <- [4a2a8aef-8f25-45a4-bb82-6fc1aa085b44]
2026-07-08 00:01:54.066 DEBUG [main] org.hibernate.SQL - select l1_0.id,l1_0.created_at,l1_0.deleted_at,l1_0.description,l1_0.image_url,l1_0.name,l1_0.updated_at,l1_0.version from location l1_0 where (l1_0.deleted_at IS NULL) and upper(l1_0.name)=upper(?)
2026-07-08 00:01:54.067 TRACE [main] org.hibernate.orm.jdbc.bind - binding parameter (1:VARCHAR) <- [New York, USA]
2026-07-08 00:01:54.101 DEBUG [main] org.hibernate.SQL - select l1_0.id,l1_0.created_at,l1_0.deleted_at,l1_0.description,l1_0.image_url,l1_0.name,l1_0.updated_at,l1_0.version from location l1_0 where (l1_0.deleted_at IS NULL)
2026-07-08 00:01:54.690 DEBUG [main] org.hibernate.SQL - insert into location (created_at,deleted_at,description,image_url,name,updated_at,version,id) values (?,?,?,?,?,?,?,?)
2026-07-08 00:01:54.691 TRACE [main] org.hibernate.orm.jdbc.bind - binding parameter (1:TIMESTAMP) <- [2026-07-08T00:01:54.689774]
2026-07-08 00:01:54.692 TRACE [main] org.hibernate.orm.jdbc.bind - binding parameter (2:TIMESTAMP) <- [null]
2026-07-08 00:01:54.693 TRACE [main] org.hibernate.orm.jdbc.bind - binding parameter (3:VARCHAR) <- [Località verificata tramite OpenStreetMap.]
2026-07-08 00:01:54.693 TRACE [main] org.hibernate.orm.jdbc.bind - binding parameter (4:VARCHAR) <- [null]
2026-07-08 00:01:54.694 TRACE [main] org.hibernate.orm.jdbc.bind - binding parameter (5:VARCHAR) <- [New York, USA]
2026-07-08 00:01:54.694 TRACE [main] org.hibernate.orm.jdbc.bind - binding parameter (6:TIMESTAMP) <- [2026-07-08T00:01:54.689835]
2026-07-08 00:01:54.694 TRACE [main] org.hibernate.orm.jdbc.bind - binding parameter (7:BIGINT) <- [0]
2026-07-08 00:01:54.695 TRACE [main] org.hibernate.orm.jdbc.bind - binding parameter (8:UUID) <- [cf6a5c62-ba73-42b1-95de-c848782b66d6]
2026-07-08 00:01:54.697 DEBUG [main] org.hibernate.SQL - select l1_0.id,l1_0.created_at,l1_0.deleted_at,l1_0.description,l1_0.image_url,l1_0.name,l1_0.updated_at,l1_0.version from location l1_0 where (l1_0.deleted_at IS NULL) and upper(l1_0.name)=upper(?)
2026-07-08 00:01:54.697 TRACE [main] org.hibernate.orm.jdbc.bind - binding parameter (1:VARCHAR) <- [Tokyo, Giappone]
2026-07-08 00:01:54.702 DEBUG [main] org.hibernate.SQL - select l1_0.id,l1_0.created_at,l1_0.deleted_at,l1_0.description,l1_0.image_url,l1_0.name,l1_0.updated_at,l1_0.version from location l1_0 where (l1_0.deleted_at IS NULL)
2026-07-08 00:01:55.666 DEBUG [main] org.hibernate.SQL - insert into location (created_at,deleted_at,description,image_url,name,updated_at,version,id) values (?,?,?,?,?,?,?,?)
2026-07-08 00:01:55.668 TRACE [main] org.hibernate.orm.jdbc.bind - binding parameter (1:TIMESTAMP) <- [2026-07-08T00:01:55.664628]
2026-07-08 00:01:55.669 TRACE [main] org.hibernate.orm.jdbc.bind - binding parameter (2:TIMESTAMP) <- [null]
2026-07-08 00:01:55.669 TRACE [main] org.hibernate.orm.jdbc.bind - binding parameter (3:VARCHAR) <- [Località verificata tramite OpenStreetMap.]
2026-07-08 00:01:55.669 TRACE [main] org.hibernate.orm.jdbc.bind - binding parameter (4:VARCHAR) <- [null]
2026-07-08 00:01:55.670 TRACE [main] org.hibernate.orm.jdbc.bind - binding parameter (5:VARCHAR) <- [Tokyo, Giappone]
2026-07-08 00:01:55.670 TRACE [main] org.hibernate.orm.jdbc.bind - binding parameter (6:TIMESTAMP) <- [2026-07-08T00:01:55.664868]
2026-07-08 00:01:55.670 TRACE [main] org.hibernate.orm.jdbc.bind - binding parameter (7:BIGINT) <- [0]
2026-07-08 00:01:55.670 TRACE [main] org.hibernate.orm.jdbc.bind - binding parameter (8:UUID) <- [9979224b-ae1b-4558-8624-15700ccfb10c]
2026-07-08 00:01:55.679 DEBUG [main] org.hibernate.SQL - select l1_0.id,l1_0.created_at,l1_0.deleted_at,l1_0.description,l1_0.image_url,l1_0.name,l1_0.updated_at,l1_0.version from location l1_0 where (l1_0.deleted_at IS NULL) and upper(l1_0.name)=upper(?)
2026-07-08 00:01:55.679 TRACE [main] org.hibernate.orm.jdbc.bind - binding parameter (1:VARCHAR) <- [Barcellona, Spagna]
2026-07-08 00:01:55.697 DEBUG [main] org.hibernate.SQL - select l1_0.id,l1_0.created_at,l1_0.deleted_at,l1_0.description,l1_0.image_url,l1_0.name,l1_0.updated_at,l1_0.version from location l1_0 where (l1_0.deleted_at IS NULL)
2026-07-08 00:01:56.044 DEBUG [main] org.hibernate.SQL - insert into location (created_at,deleted_at,description,image_url,name,updated_at,version,id) values (?,?,?,?,?,?,?,?)
2026-07-08 00:01:56.045 TRACE [main] org.hibernate.orm.jdbc.bind - binding parameter (1:TIMESTAMP) <- [2026-07-08T00:01:56.043757]
2026-07-08 00:01:56.045 TRACE [main] org.hibernate.orm.jdbc.bind - binding parameter (2:TIMESTAMP) <- [null]
2026-07-08 00:01:56.045 TRACE [main] org.hibernate.orm.jdbc.bind - binding parameter (3:VARCHAR) <- [Località verificata tramite OpenStreetMap.]
2026-07-08 00:01:56.045 TRACE [main] org.hibernate.orm.jdbc.bind - binding parameter (4:VARCHAR) <- [null]
2026-07-08 00:01:56.046 TRACE [main] org.hibernate.orm.jdbc.bind - binding parameter (5:VARCHAR) <- [Barcellona, Spagna]
2026-07-08 00:01:56.046 TRACE [main] org.hibernate.orm.jdbc.bind - binding parameter (6:TIMESTAMP) <- [2026-07-08T00:01:56.043797]
2026-07-08 00:01:56.046 TRACE [main] org.hibernate.orm.jdbc.bind - binding parameter (7:BIGINT) <- [0]
2026-07-08 00:01:56.046 TRACE [main] org.hibernate.orm.jdbc.bind - binding parameter (8:UUID) <- [2d2099c6-4268-4153-845a-b33d6d4d73cc]
2026-07-08 00:01:56.048 DEBUG [main] org.hibernate.SQL - select l1_0.id,l1_0.created_at,l1_0.deleted_at,l1_0.description,l1_0.image_url,l1_0.name,l1_0.updated_at,l1_0.version from location l1_0 where (l1_0.deleted_at IS NULL) and upper(l1_0.name)=upper(?)
2026-07-08 00:01:56.049 TRACE [main] org.hibernate.orm.jdbc.bind - binding parameter (1:VARCHAR) <- [Venezia, Italia]
2026-07-08 00:01:56.067 DEBUG [main] org.hibernate.SQL - select l1_0.id,l1_0.created_at,l1_0.deleted_at,l1_0.description,l1_0.image_url,l1_0.name,l1_0.updated_at,l1_0.version from location l1_0 where (l1_0.deleted_at IS NULL)
2026-07-08 00:01:57.683 DEBUG [main] org.hibernate.SQL - insert into location (created_at,deleted_at,description,image_url,name,updated_at,version,id) values (?,?,?,?,?,?,?,?)
2026-07-08 00:01:57.704 TRACE [main] org.hibernate.orm.jdbc.bind - binding parameter (1:TIMESTAMP) <- [2026-07-08T00:01:57.667118]
2026-07-08 00:01:57.718 TRACE [main] org.hibernate.orm.jdbc.bind - binding parameter (2:TIMESTAMP) <- [null]
2026-07-08 00:01:57.719 TRACE [main] org.hibernate.orm.jdbc.bind - binding parameter (3:VARCHAR) <- [Località verificata tramite OpenStreetMap.]
2026-07-08 00:01:57.752 TRACE [main] org.hibernate.orm.jdbc.bind - binding parameter (4:VARCHAR) <- [null]
2026-07-08 00:01:57.758 TRACE [main] org.hibernate.orm.jdbc.bind - binding parameter (5:VARCHAR) <- [Venezia, Italia]
2026-07-08 00:01:57.760 TRACE [main] org.hibernate.orm.jdbc.bind - binding parameter (6:TIMESTAMP) <- [2026-07-08T00:01:57.667425]
2026-07-08 00:01:57.763 TRACE [main] org.hibernate.orm.jdbc.bind - binding parameter (7:BIGINT) <- [0]
2026-07-08 00:01:57.800 TRACE [main] org.hibernate.orm.jdbc.bind - binding parameter (8:UUID) <- [3082581f-6c15-43b5-92fb-ff6096014301]
2026-07-08 00:01:57.855 DEBUG [main] org.hibernate.SQL - select l1_0.id,l1_0.created_at,l1_0.deleted_at,l1_0.description,l1_0.image_url,l1_0.name,l1_0.updated_at,l1_0.version from location l1_0 where (l1_0.deleted_at IS NULL) and upper(l1_0.name)=upper(?)
2026-07-08 00:01:57.859 TRACE [main] org.hibernate.orm.jdbc.bind - binding parameter (1:VARCHAR) <- [Firenze, Italia]
2026-07-08 00:01:57.900 DEBUG [main] org.hibernate.SQL - select l1_0.id,l1_0.created_at,l1_0.deleted_at,l1_0.description,l1_0.image_url,l1_0.name,l1_0.updated_at,l1_0.version from location l1_0 where (l1_0.deleted_at IS NULL)
2026-07-08 00:01:59.399 DEBUG [main] org.hibernate.SQL - insert into location (created_at,deleted_at,description,image_url,name,updated_at,version,id) values (?,?,?,?,?,?,?,?)
2026-07-08 00:01:59.419 TRACE [main] org.hibernate.orm.jdbc.bind - binding parameter (1:TIMESTAMP) <- [2026-07-08T00:01:59.363720]
2026-07-08 00:01:59.420 TRACE [main] org.hibernate.orm.jdbc.bind - binding parameter (2:TIMESTAMP) <- [null]
2026-07-08 00:01:59.421 TRACE [main] org.hibernate.orm.jdbc.bind - binding parameter (3:VARCHAR) <- [Località verificata tramite OpenStreetMap.]
2026-07-08 00:01:59.421 TRACE [main] org.hibernate.orm.jdbc.bind - binding parameter (4:VARCHAR) <- [null]
2026-07-08 00:01:59.421 TRACE [main] org.hibernate.orm.jdbc.bind - binding parameter (5:VARCHAR) <- [Firenze, Italia]
2026-07-08 00:01:59.421 TRACE [main] org.hibernate.orm.jdbc.bind - binding parameter (6:TIMESTAMP) <- [2026-07-08T00:01:59.364045]
2026-07-08 00:01:59.428 TRACE [main] org.hibernate.orm.jdbc.bind - binding parameter (7:BIGINT) <- [0]
2026-07-08 00:01:59.429 TRACE [main] org.hibernate.orm.jdbc.bind - binding parameter (8:UUID) <- [ace06e08-8e4d-4a41-bdf3-4dc9a164b36a]
2026-07-08 00:01:59.476 DEBUG [main] org.hibernate.SQL - select l1_0.id,l1_0.created_at,l1_0.deleted_at,l1_0.description,l1_0.image_url,l1_0.name,l1_0.updated_at,l1_0.version from location l1_0 where (l1_0.deleted_at IS NULL) and upper(l1_0.name)=upper(?)
2026-07-08 00:01:59.483 TRACE [main] org.hibernate.orm.jdbc.bind - binding parameter (1:VARCHAR) <- [Sydney, Australia]
2026-07-08 00:01:59.576 DEBUG [main] org.hibernate.SQL - select l1_0.id,l1_0.created_at,l1_0.deleted_at,l1_0.description,l1_0.image_url,l1_0.name,l1_0.updated_at,l1_0.version from location l1_0 where (l1_0.deleted_at IS NULL)
2026-07-08 00:02:01.476 DEBUG [main] org.hibernate.SQL - insert into location (created_at,deleted_at,description,image_url,name,updated_at,version,id) values (?,?,?,?,?,?,?,?)
2026-07-08 00:02:01.559 TRACE [main] org.hibernate.orm.jdbc.bind - binding parameter (1:TIMESTAMP) <- [2026-07-08T00:02:01.438225]
2026-07-08 00:02:01.560 TRACE [main] org.hibernate.orm.jdbc.bind - binding parameter (2:TIMESTAMP) <- [null]
2026-07-08 00:02:01.574 TRACE [main] org.hibernate.orm.jdbc.bind - binding parameter (3:VARCHAR) <- [Località verificata tramite OpenStreetMap.]
2026-07-08 00:02:01.575 TRACE [main] org.hibernate.orm.jdbc.bind - binding parameter (4:VARCHAR) <- [null]
2026-07-08 00:02:01.575 TRACE [main] org.hibernate.orm.jdbc.bind - binding parameter (5:VARCHAR) <- [Sydney, Australia]
2026-07-08 00:02:01.575 TRACE [main] org.hibernate.orm.jdbc.bind - binding parameter (6:TIMESTAMP) <- [2026-07-08T00:02:01.438603]
2026-07-08 00:02:01.576 TRACE [main] org.hibernate.orm.jdbc.bind - binding parameter (7:BIGINT) <- [0]
2026-07-08 00:02:01.576 TRACE [main] org.hibernate.orm.jdbc.bind - binding parameter (8:UUID) <- [05242fd4-d075-4b96-8d5e-1ba582ac7084]
2026-07-08 00:02:01.586 DEBUG [main] org.hibernate.SQL - select l1_0.id,l1_0.created_at,l1_0.deleted_at,l1_0.description,l1_0.image_url,l1_0.name,l1_0.updated_at,l1_0.version from location l1_0 where (l1_0.deleted_at IS NULL) and upper(l1_0.name)=upper(?)
2026-07-08 00:02:01.590 TRACE [main] org.hibernate.orm.jdbc.bind - binding parameter (1:VARCHAR) <- [Rio de Janeiro, Brasile]
2026-07-08 00:02:01.855 DEBUG [main] org.hibernate.SQL - select l1_0.id,l1_0.created_at,l1_0.deleted_at,l1_0.description,l1_0.image_url,l1_0.name,l1_0.updated_at,l1_0.version from location l1_0 where (l1_0.deleted_at IS NULL)
2026-07-08 00:02:02.850 DEBUG [main] org.hibernate.SQL - insert into location (created_at,deleted_at,description,image_url,name,updated_at,version,id) values (?,?,?,?,?,?,?,?)
2026-07-08 00:02:02.881 TRACE [main] org.hibernate.orm.jdbc.bind - binding parameter (1:TIMESTAMP) <- [2026-07-08T00:02:02.835515]
2026-07-08 00:02:02.899 TRACE [main] org.hibernate.orm.jdbc.bind - binding parameter (2:TIMESTAMP) <- [null]
2026-07-08 00:02:02.900 TRACE [main] org.hibernate.orm.jdbc.bind - binding parameter (3:VARCHAR) <- [Località verificata tramite OpenStreetMap.]
2026-07-08 00:02:02.901 TRACE [main] org.hibernate.orm.jdbc.bind - binding parameter (4:VARCHAR) <- [null]
2026-07-08 00:02:02.901 TRACE [main] org.hibernate.orm.jdbc.bind - binding parameter (5:VARCHAR) <- [Rio de Janeiro, Brasile]
2026-07-08 00:02:02.901 TRACE [main] org.hibernate.orm.jdbc.bind - binding parameter (6:TIMESTAMP) <- [2026-07-08T00:02:02.835930]
2026-07-08 00:02:02.902 TRACE [main] org.hibernate.orm.jdbc.bind - binding parameter (7:BIGINT) <- [0]
2026-07-08 00:02:02.902 TRACE [main] org.hibernate.orm.jdbc.bind - binding parameter (8:UUID) <- [85e112db-2fba-4d41-9ede-7bfb742e71f9]
2026-07-08 00:02:02.929 DEBUG [main] org.hibernate.SQL - select l1_0.id,l1_0.created_at,l1_0.deleted_at,l1_0.description,l1_0.image_url,l1_0.name,l1_0.updated_at,l1_0.version from location l1_0 where (l1_0.deleted_at IS NULL) and upper(l1_0.name)=upper(?)
2026-07-08 00:02:02.931 TRACE [main] org.hibernate.orm.jdbc.bind - binding parameter (1:VARCHAR) <- [Cairo, Egitto]
2026-07-08 00:02:03.510 DEBUG [main] org.hibernate.SQL - select l1_0.id,l1_0.created_at,l1_0.deleted_at,l1_0.description,l1_0.image_url,l1_0.name,l1_0.updated_at,l1_0.version from location l1_0 where (l1_0.deleted_at IS NULL)
2026-07-08 00:02:04.453 DEBUG [main] org.hibernate.SQL - insert into location (created_at,deleted_at,description,image_url,name,updated_at,version,id) values (?,?,?,?,?,?,?,?)
2026-07-08 00:02:04.458 TRACE [main] org.hibernate.orm.jdbc.bind - binding parameter (1:TIMESTAMP) <- [2026-07-08T00:02:04.450630]
2026-07-08 00:02:04.460 TRACE [main] org.hibernate.orm.jdbc.bind - binding parameter (2:TIMESTAMP) <- [null]
2026-07-08 00:02:04.460 TRACE [main] org.hibernate.orm.jdbc.bind - binding parameter (3:VARCHAR) <- [Località verificata tramite OpenStreetMap.]
2026-07-08 00:02:04.463 TRACE [main] org.hibernate.orm.jdbc.bind - binding parameter (4:VARCHAR) <- [null]
2026-07-08 00:02:04.463 TRACE [main] org.hibernate.orm.jdbc.bind - binding parameter (5:VARCHAR) <- [Cairo, Egitto]
2026-07-08 00:02:04.464 TRACE [main] org.hibernate.orm.jdbc.bind - binding parameter (6:TIMESTAMP) <- [2026-07-08T00:02:04.451102]
2026-07-08 00:02:04.466 TRACE [main] org.hibernate.orm.jdbc.bind - binding parameter (7:BIGINT) <- [0]
2026-07-08 00:02:04.468 TRACE [main] org.hibernate.orm.jdbc.bind - binding parameter (8:UUID) <- [3d87e67f-5338-4a91-a0db-48b10690dfde]
2026-07-08 00:02:04.473 DEBUG [main] org.hibernate.SQL - select l1_0.id,l1_0.created_at,l1_0.deleted_at,l1_0.description,l1_0.image_url,l1_0.name,l1_0.updated_at,l1_0.version from location l1_0 where (l1_0.deleted_at IS NULL) and upper(l1_0.name)=upper(?)
2026-07-08 00:02:04.474 TRACE [main] org.hibernate.orm.jdbc.bind - binding parameter (1:VARCHAR) <- [Atene, Grecia]
2026-07-08 00:02:04.495 DEBUG [main] org.hibernate.SQL - select l1_0.id,l1_0.created_at,l1_0.deleted_at,l1_0.description,l1_0.image_url,l1_0.name,l1_0.updated_at,l1_0.version from location l1_0 where (l1_0.deleted_at IS NULL)
2026-07-08 00:02:05.026 DEBUG [main] org.hibernate.SQL - insert into location (created_at,deleted_at,description,image_url,name,updated_at,version,id) values (?,?,?,?,?,?,?,?)
2026-07-08 00:02:05.030 TRACE [main] org.hibernate.orm.jdbc.bind - binding parameter (1:TIMESTAMP) <- [2026-07-08T00:02:05.024880]
2026-07-08 00:02:05.031 TRACE [main] org.hibernate.orm.jdbc.bind - binding parameter (2:TIMESTAMP) <- [null]
2026-07-08 00:02:05.031 TRACE [main] org.hibernate.orm.jdbc.bind - binding parameter (3:VARCHAR) <- [Località verificata tramite OpenStreetMap.]
2026-07-08 00:02:05.031 TRACE [main] org.hibernate.orm.jdbc.bind - binding parameter (4:VARCHAR) <- [null]
2026-07-08 00:02:05.031 TRACE [main] org.hibernate.orm.jdbc.bind - binding parameter (5:VARCHAR) <- [Atene, Grecia]
2026-07-08 00:02:05.032 TRACE [main] org.hibernate.orm.jdbc.bind - binding parameter (6:TIMESTAMP) <- [2026-07-08T00:02:05.024936]
2026-07-08 00:02:05.037 TRACE [main] org.hibernate.orm.jdbc.bind - binding parameter (7:BIGINT) <- [0]
2026-07-08 00:02:05.037 TRACE [main] org.hibernate.orm.jdbc.bind - binding parameter (8:UUID) <- [86743be9-72dd-483d-959c-d889fe3b0e6d]
2026-07-08 00:02:05.038 DEBUG [main] org.hibernate.SQL - select l1_0.id,l1_0.created_at,l1_0.deleted_at,l1_0.description,l1_0.image_url,l1_0.name,l1_0.updated_at,l1_0.version from location l1_0 where (l1_0.deleted_at IS NULL) and upper(l1_0.name)=upper(?)
2026-07-08 00:02:05.038 TRACE [main] org.hibernate.orm.jdbc.bind - binding parameter (1:VARCHAR) <- [Amsterdam, Paesi Bassi]
2026-07-08 00:02:05.044 DEBUG [main] org.hibernate.SQL - select l1_0.id,l1_0.created_at,l1_0.deleted_at,l1_0.description,l1_0.image_url,l1_0.name,l1_0.updated_at,l1_0.version from location l1_0 where (l1_0.deleted_at IS NULL)
2026-07-08 00:02:06.152 DEBUG [main] org.hibernate.SQL - insert into location (created_at,deleted_at,description,image_url,name,updated_at,version,id) values (?,?,?,?,?,?,?,?)
2026-07-08 00:02:06.164 TRACE [main] org.hibernate.orm.jdbc.bind - binding parameter (1:TIMESTAMP) <- [2026-07-08T00:02:06.148544]
2026-07-08 00:02:06.166 TRACE [main] org.hibernate.orm.jdbc.bind - binding parameter (2:TIMESTAMP) <- [null]
2026-07-08 00:02:06.166 TRACE [main] org.hibernate.orm.jdbc.bind - binding parameter (3:VARCHAR) <- [Località verificata tramite OpenStreetMap.]
2026-07-08 00:02:06.166 TRACE [main] org.hibernate.orm.jdbc.bind - binding parameter (4:VARCHAR) <- [null]
2026-07-08 00:02:06.167 TRACE [main] org.hibernate.orm.jdbc.bind - binding parameter (5:VARCHAR) <- [Amsterdam, Paesi Bassi]
2026-07-08 00:02:06.167 TRACE [main] org.hibernate.orm.jdbc.bind - binding parameter (6:TIMESTAMP) <- [2026-07-08T00:02:06.149026]
2026-07-08 00:02:06.167 TRACE [main] org.hibernate.orm.jdbc.bind - binding parameter (7:BIGINT) <- [0]
2026-07-08 00:02:06.167 TRACE [main] org.hibernate.orm.jdbc.bind - binding parameter (8:UUID) <- [22772f38-0ede-44f4-8209-b522fea0e262]
2026-07-08 00:02:06.179 DEBUG [main] org.hibernate.SQL - select l1_0.id,l1_0.created_at,l1_0.deleted_at,l1_0.description,l1_0.image_url,l1_0.name,l1_0.updated_at,l1_0.version from location l1_0 where (l1_0.deleted_at IS NULL) and upper(l1_0.name)=upper(?)
2026-07-08 00:02:06.186 TRACE [main] org.hibernate.orm.jdbc.bind - binding parameter (1:VARCHAR) <- [Dubai, Emirati Arabi Uniti]
2026-07-08 00:02:06.218 DEBUG [main] org.hibernate.SQL - select l1_0.id,l1_0.created_at,l1_0.deleted_at,l1_0.description,l1_0.image_url,l1_0.name,l1_0.updated_at,l1_0.version from location l1_0 where (l1_0.deleted_at IS NULL)
2026-07-08 00:02:06.718 DEBUG [main] org.hibernate.SQL - insert into location (created_at,deleted_at,description,image_url,name,updated_at,version,id) values (?,?,?,?,?,?,?,?)
2026-07-08 00:02:06.721 TRACE [main] org.hibernate.orm.jdbc.bind - binding parameter (1:TIMESTAMP) <- [2026-07-08T00:02:06.718205]
2026-07-08 00:02:06.726 TRACE [main] org.hibernate.orm.jdbc.bind - binding parameter (2:TIMESTAMP) <- [null]
2026-07-08 00:02:06.726 TRACE [main] org.hibernate.orm.jdbc.bind - binding parameter (3:VARCHAR) <- [Località verificata tramite OpenStreetMap.]
2026-07-08 00:02:06.727 TRACE [main] org.hibernate.orm.jdbc.bind - binding parameter (4:VARCHAR) <- [null]
2026-07-08 00:02:06.727 TRACE [main] org.hibernate.orm.jdbc.bind - binding parameter (5:VARCHAR) <- [Dubai, Emirati Arabi Uniti]
2026-07-08 00:02:06.727 TRACE [main] org.hibernate.orm.jdbc.bind - binding parameter (6:TIMESTAMP) <- [2026-07-08T00:02:06.718257]
2026-07-08 00:02:06.732 TRACE [main] org.hibernate.orm.jdbc.bind - binding parameter (7:BIGINT) <- [0]
2026-07-08 00:02:06.733 TRACE [main] org.hibernate.orm.jdbc.bind - binding parameter (8:UUID) <- [5d186125-b549-4813-a3bb-9710e77929ed]
2026-07-08 00:02:06.734 DEBUG [main] org.hibernate.SQL - select l1_0.id,l1_0.created_at,l1_0.deleted_at,l1_0.description,l1_0.image_url,l1_0.name,l1_0.updated_at,l1_0.version from location l1_0 where (l1_0.deleted_at IS NULL) and upper(l1_0.name)=upper(?)
2026-07-08 00:02:06.734 TRACE [main] org.hibernate.orm.jdbc.bind - binding parameter (1:VARCHAR) <- [Istanbul, Turchia]
2026-07-08 00:02:06.746 DEBUG [main] org.hibernate.SQL - select l1_0.id,l1_0.created_at,l1_0.deleted_at,l1_0.description,l1_0.image_url,l1_0.name,l1_0.updated_at,l1_0.version from location l1_0 where (l1_0.deleted_at IS NULL)
2026-07-08 00:02:07.418 DEBUG [main] org.hibernate.SQL - insert into location (created_at,deleted_at,description,image_url,name,updated_at,version,id) values (?,?,?,?,?,?,?,?)
2026-07-08 00:02:07.442 TRACE [main] org.hibernate.orm.jdbc.bind - binding parameter (1:TIMESTAMP) <- [2026-07-08T00:02:07.409408]
2026-07-08 00:02:07.459 TRACE [main] org.hibernate.orm.jdbc.bind - binding parameter (2:TIMESTAMP) <- [null]
2026-07-08 00:02:07.468 TRACE [main] org.hibernate.orm.jdbc.bind - binding parameter (3:VARCHAR) <- [Località verificata tramite OpenStreetMap.]
2026-07-08 00:02:07.477 TRACE [main] org.hibernate.orm.jdbc.bind - binding parameter (4:VARCHAR) <- [null]
2026-07-08 00:02:07.478 TRACE [main] org.hibernate.orm.jdbc.bind - binding parameter (5:VARCHAR) <- [Istanbul, Turchia]
2026-07-08 00:02:07.479 TRACE [main] org.hibernate.orm.jdbc.bind - binding parameter (6:TIMESTAMP) <- [2026-07-08T00:02:07.409602]
2026-07-08 00:02:07.481 TRACE [main] org.hibernate.orm.jdbc.bind - binding parameter (7:BIGINT) <- [0]
2026-07-08 00:02:07.481 TRACE [main] org.hibernate.orm.jdbc.bind - binding parameter (8:UUID) <- [8198c160-1a69-458d-b9db-0e0e59c9fb48]
2026-07-08 00:02:07.556 DEBUG [main] org.hibernate.SQL - select l1_0.id,l1_0.created_at,l1_0.deleted_at,l1_0.description,l1_0.image_url,l1_0.name,l1_0.updated_at,l1_0.version from location l1_0 where (l1_0.deleted_at IS NULL) and upper(l1_0.name)=upper(?)
2026-07-08 00:02:07.557 TRACE [main] org.hibernate.orm.jdbc.bind - binding parameter (1:VARCHAR) <- [Nairobi, Kenya]
2026-07-08 00:02:07.830 DEBUG [main] org.hibernate.SQL - select l1_0.id,l1_0.created_at,l1_0.deleted_at,l1_0.description,l1_0.image_url,l1_0.name,l1_0.updated_at,l1_0.version from location l1_0 where (l1_0.deleted_at IS NULL)
2026-07-08 00:02:08.409 DEBUG [main] org.hibernate.SQL - insert into location (created_at,deleted_at,description,image_url,name,updated_at,version,id) values (?,?,?,?,?,?,?,?)
2026-07-08 00:02:08.418 TRACE [main] org.hibernate.orm.jdbc.bind - binding parameter (1:TIMESTAMP) <- [2026-07-08T00:02:08.408685]
2026-07-08 00:02:08.420 TRACE [main] org.hibernate.orm.jdbc.bind - binding parameter (2:TIMESTAMP) <- [null]
2026-07-08 00:02:08.423 TRACE [main] org.hibernate.orm.jdbc.bind - binding parameter (3:VARCHAR) <- [Località verificata tramite OpenStreetMap.]
2026-07-08 00:02:08.425 TRACE [main] org.hibernate.orm.jdbc.bind - binding parameter (4:VARCHAR) <- [null]
2026-07-08 00:02:08.426 TRACE [main] org.hibernate.orm.jdbc.bind - binding parameter (5:VARCHAR) <- [Nairobi, Kenya]
2026-07-08 00:02:08.428 TRACE [main] org.hibernate.orm.jdbc.bind - binding parameter (6:TIMESTAMP) <- [2026-07-08T00:02:08.408843]
2026-07-08 00:02:08.430 TRACE [main] org.hibernate.orm.jdbc.bind - binding parameter (7:BIGINT) <- [0]
2026-07-08 00:02:08.431 TRACE [main] org.hibernate.orm.jdbc.bind - binding parameter (8:UUID) <- [5770c2e7-ee4c-4b18-a9d0-59467eb17e39]
2026-07-08 00:02:08.445 DEBUG [main] org.hibernate.SQL - select l1_0.id,l1_0.created_at,l1_0.deleted_at,l1_0.description,l1_0.image_url,l1_0.name,l1_0.updated_at,l1_0.version from location l1_0 where (l1_0.deleted_at IS NULL) and upper(l1_0.name)=upper(?)
2026-07-08 00:02:08.445 TRACE [main] org.hibernate.orm.jdbc.bind - binding parameter (1:VARCHAR) <- [Trentino-Alto Adige]
2026-07-08 00:02:08.451 DEBUG [main] org.hibernate.SQL - select l1_0.id,l1_0.created_at,l1_0.deleted_at,l1_0.description,l1_0.image_url,l1_0.name,l1_0.updated_at,l1_0.version from location l1_0 where (l1_0.deleted_at IS NULL)
2026-07-08 00:02:08.686 DEBUG [main] org.hibernate.SQL - insert into location (created_at,deleted_at,description,image_url,name,updated_at,version,id) values (?,?,?,?,?,?,?,?)
2026-07-08 00:02:08.687 TRACE [main] org.hibernate.orm.jdbc.bind - binding parameter (1:TIMESTAMP) <- [2026-07-08T00:02:08.686463]
2026-07-08 00:02:08.687 TRACE [main] org.hibernate.orm.jdbc.bind - binding parameter (2:TIMESTAMP) <- [null]
2026-07-08 00:02:08.687 TRACE [main] org.hibernate.orm.jdbc.bind - binding parameter (3:VARCHAR) <- [Località verificata tramite OpenStreetMap.]
2026-07-08 00:02:08.687 TRACE [main] org.hibernate.orm.jdbc.bind - binding parameter (4:VARCHAR) <- [null]
2026-07-08 00:02:08.687 TRACE [main] org.hibernate.orm.jdbc.bind - binding parameter (5:VARCHAR) <- [Trentino-Alto Adige]
2026-07-08 00:02:08.687 TRACE [main] org.hibernate.orm.jdbc.bind - binding parameter (6:TIMESTAMP) <- [2026-07-08T00:02:08.686505]
2026-07-08 00:02:08.689 TRACE [main] org.hibernate.orm.jdbc.bind - binding parameter (7:BIGINT) <- [0]
2026-07-08 00:02:08.692 TRACE [main] org.hibernate.orm.jdbc.bind - binding parameter (8:UUID) <- [c2396600-3cbd-4b6e-a4cb-5b120f44b12c]
2026-07-08 00:02:08.693 DEBUG [main] org.hibernate.SQL - select l1_0.id,l1_0.created_at,l1_0.deleted_at,l1_0.description,l1_0.image_url,l1_0.name,l1_0.updated_at,l1_0.version from location l1_0 where (l1_0.deleted_at IS NULL) and upper(l1_0.name)=upper(?)
2026-07-08 00:02:08.693 TRACE [main] org.hibernate.orm.jdbc.bind - binding parameter (1:VARCHAR) <- [Città del Capo, Sudafrica]
2026-07-08 00:02:08.701 DEBUG [main] org.hibernate.SQL - select l1_0.id,l1_0.created_at,l1_0.deleted_at,l1_0.description,l1_0.image_url,l1_0.name,l1_0.updated_at,l1_0.version from location l1_0 where (l1_0.deleted_at IS NULL)
2026-07-08 00:02:09.051 DEBUG [main] org.hibernate.SQL - insert into location (created_at,deleted_at,description,image_url,name,updated_at,version,id) values (?,?,?,?,?,?,?,?)
2026-07-08 00:02:09.054 TRACE [main] org.hibernate.orm.jdbc.bind - binding parameter (1:TIMESTAMP) <- [2026-07-08T00:02:09.051593]
2026-07-08 00:02:09.056 TRACE [main] org.hibernate.orm.jdbc.bind - binding parameter (2:TIMESTAMP) <- [null]
2026-07-08 00:02:09.057 TRACE [main] org.hibernate.orm.jdbc.bind - binding parameter (3:VARCHAR) <- [Località verificata tramite OpenStreetMap.]
2026-07-08 00:02:09.057 TRACE [main] org.hibernate.orm.jdbc.bind - binding parameter (4:VARCHAR) <- [null]
2026-07-08 00:02:09.057 TRACE [main] org.hibernate.orm.jdbc.bind - binding parameter (5:VARCHAR) <- [Città del Capo, Sudafrica]
2026-07-08 00:02:09.057 TRACE [main] org.hibernate.orm.jdbc.bind - binding parameter (6:TIMESTAMP) <- [2026-07-08T00:02:09.051633]
2026-07-08 00:02:09.058 TRACE [main] org.hibernate.orm.jdbc.bind - binding parameter (7:BIGINT) <- [0]
2026-07-08 00:02:09.058 TRACE [main] org.hibernate.orm.jdbc.bind - binding parameter (8:UUID) <- [9a89b8dc-bf61-40a0-b53e-8cfbe390242f]
2026-07-08 00:02:09.059 DEBUG [main] org.hibernate.SQL - select l1_0.id,l1_0.created_at,l1_0.deleted_at,l1_0.description,l1_0.image_url,l1_0.name,l1_0.updated_at,l1_0.version from location l1_0 where (l1_0.deleted_at IS NULL) and upper(l1_0.name)=upper(?)
2026-07-08 00:02:09.060 TRACE [main] org.hibernate.orm.jdbc.bind - binding parameter (1:VARCHAR) <- [Praga, Repubblica Ceca]
2026-07-08 00:02:09.074 DEBUG [main] org.hibernate.SQL - select l1_0.id,l1_0.created_at,l1_0.deleted_at,l1_0.description,l1_0.image_url,l1_0.name,l1_0.updated_at,l1_0.version from location l1_0 where (l1_0.deleted_at IS NULL)
2026-07-08 00:02:09.417 DEBUG [main] org.hibernate.SQL - insert into location (created_at,deleted_at,description,image_url,name,updated_at,version,id) values (?,?,?,?,?,?,?,?)
2026-07-08 00:02:09.424 TRACE [main] org.hibernate.orm.jdbc.bind - binding parameter (1:TIMESTAMP) <- [2026-07-08T00:02:09.416601]
2026-07-08 00:02:09.425 TRACE [main] org.hibernate.orm.jdbc.bind - binding parameter (2:TIMESTAMP) <- [null]
2026-07-08 00:02:09.425 TRACE [main] org.hibernate.orm.jdbc.bind - binding parameter (3:VARCHAR) <- [Località verificata tramite OpenStreetMap.]
2026-07-08 00:02:09.425 TRACE [main] org.hibernate.orm.jdbc.bind - binding parameter (4:VARCHAR) <- [null]
2026-07-08 00:02:09.425 TRACE [main] org.hibernate.orm.jdbc.bind - binding parameter (5:VARCHAR) <- [Praga, Repubblica Ceca]
2026-07-08 00:02:09.425 TRACE [main] org.hibernate.orm.jdbc.bind - binding parameter (6:TIMESTAMP) <- [2026-07-08T00:02:09.416889]
2026-07-08 00:02:09.426 TRACE [main] org.hibernate.orm.jdbc.bind - binding parameter (7:BIGINT) <- [0]
2026-07-08 00:02:09.426 TRACE [main] org.hibernate.orm.jdbc.bind - binding parameter (8:UUID) <- [d56fea17-b3bd-4b22-a3cf-d0e386a38cbb]
2026-07-08 00:02:09.434 DEBUG [main] org.hibernate.SQL - select l1_0.id,l1_0.created_at,l1_0.deleted_at,l1_0.description,l1_0.image_url,l1_0.name,l1_0.updated_at,l1_0.version from location l1_0 where (l1_0.deleted_at IS NULL) and upper(l1_0.name)=upper(?)
2026-07-08 00:02:09.438 TRACE [main] org.hibernate.orm.jdbc.bind - binding parameter (1:VARCHAR) <- [San Francisco, USA]
2026-07-08 00:02:09.444 DEBUG [main] org.hibernate.SQL - select l1_0.id,l1_0.created_at,l1_0.deleted_at,l1_0.description,l1_0.image_url,l1_0.name,l1_0.updated_at,l1_0.version from location l1_0 where (l1_0.deleted_at IS NULL)
2026-07-08 00:02:10.029 DEBUG [main] org.hibernate.SQL - insert into location (created_at,deleted_at,description,image_url,name,updated_at,version,id) values (?,?,?,?,?,?,?,?)
2026-07-08 00:02:10.030 TRACE [main] org.hibernate.orm.jdbc.bind - binding parameter (1:TIMESTAMP) <- [2026-07-08T00:02:10.028936]
2026-07-08 00:02:10.030 TRACE [main] org.hibernate.orm.jdbc.bind - binding parameter (2:TIMESTAMP) <- [null]
2026-07-08 00:02:10.030 TRACE [main] org.hibernate.orm.jdbc.bind - binding parameter (3:VARCHAR) <- [Località verificata tramite OpenStreetMap.]
2026-07-08 00:02:10.030 TRACE [main] org.hibernate.orm.jdbc.bind - binding parameter (4:VARCHAR) <- [null]
2026-07-08 00:02:10.032 TRACE [main] org.hibernate.orm.jdbc.bind - binding parameter (5:VARCHAR) <- [San Francisco, USA]
2026-07-08 00:02:10.032 TRACE [main] org.hibernate.orm.jdbc.bind - binding parameter (6:TIMESTAMP) <- [2026-07-08T00:02:10.028978]
2026-07-08 00:02:10.032 TRACE [main] org.hibernate.orm.jdbc.bind - binding parameter (7:BIGINT) <- [0]
2026-07-08 00:02:10.032 TRACE [main] org.hibernate.orm.jdbc.bind - binding parameter (8:UUID) <- [8b5cf17d-0d41-4712-a89c-f485f07cf380]
2026-07-08 00:02:10.137 DEBUG [main] org.hibernate.SQL - select u1_0.id,u1_0.approved,u1_0.avatar_url,u1_0.blocked,u1_0.company_name,u1_0.created_at,u1_0.deleted_at,u1_0.email,u1_0.email_verified,u1_0.first_name,u1_0.keycloak_id,u1_0.last_name,u1_0.password_hash,u1_0.phone,u1_0.roles,u1_0.updated_at,u1_0.user_type,u1_0.vat_number from users u1_0 where (u1_0.deleted_at IS NULL) and u1_0.email=?
2026-07-08 00:02:10.138 TRACE [main] org.hibernate.orm.jdbc.bind - binding parameter (1:VARCHAR) <- [a@a.it]
2026-07-08 00:02:18.054 INFO  [main] i.unical.ea.Travel.Config.DataSeeder - ℹ️ Utente test già presente su Keycloak: a@a.it
2026-07-08 00:02:18.121 DEBUG [main] org.hibernate.SQL - select count(*) from activities a1_0 where (a1_0.deleted_at IS NULL)
2026-07-08 00:02:18.218 DEBUG [main] org.hibernate.SQL - select l1_0.id,l1_0.created_at,l1_0.deleted_at,l1_0.description,l1_0.image_url,l1_0.name,l1_0.updated_at,l1_0.version from location l1_0 where (l1_0.deleted_at IS NULL) and upper(l1_0.name)=upper(?)
2026-07-08 00:02:18.219 TRACE [main] org.hibernate.orm.jdbc.bind - binding parameter (1:VARCHAR) <- [Roma, Italia]
2026-07-08 00:02:18.249 DEBUG [main] org.hibernate.SQL - select l1_0.id,l1_0.created_at,l1_0.deleted_at,l1_0.description,l1_0.image_url,l1_0.name,l1_0.updated_at,l1_0.version from location l1_0 where (l1_0.deleted_at IS NULL) and upper(l1_0.name)=upper(?)
2026-07-08 00:02:18.250 TRACE [main] org.hibernate.orm.jdbc.bind - binding parameter (1:VARCHAR) <- [Trentino-Alto Adige]
2026-07-08 00:02:18.259 DEBUG [main] org.hibernate.SQL - select l1_0.id,l1_0.created_at,l1_0.deleted_at,l1_0.description,l1_0.image_url,l1_0.name,l1_0.updated_at,l1_0.version from location l1_0 where (l1_0.deleted_at IS NULL) and upper(l1_0.name)=upper(?)
2026-07-08 00:02:18.260 TRACE [main] org.hibernate.orm.jdbc.bind - binding parameter (1:VARCHAR) <- [Nairobi, Kenya]
2026-07-08 00:02:18.535 DEBUG [main] org.hibernate.SQL - select count(*) from reviews r1_0 where (r1_0.deleted_at IS NULL)
2026-07-08 00:02:18.570 DEBUG [main] org.hibernate.SQL - insert into users (approved,avatar_url,blocked,company_name,created_at,deleted_at,email,email_verified,first_name,keycloak_id,last_name,password_hash,phone,roles,updated_at,user_type,vat_number,id) values (?,?,?,?,?,?,?,?,?,?,?,?,?,?,?,?,?,?)
2026-07-08 00:02:18.574 TRACE [main] org.hibernate.orm.jdbc.bind - binding parameter (1:BOOLEAN) <- [true]
2026-07-08 00:02:18.575 TRACE [main] org.hibernate.orm.jdbc.bind - binding parameter (2:VARCHAR) <- [null]
2026-07-08 00:02:18.575 TRACE [main] org.hibernate.orm.jdbc.bind - binding parameter (3:BOOLEAN) <- [false]
2026-07-08 00:02:18.575 TRACE [main] org.hibernate.orm.jdbc.bind - binding parameter (4:VARCHAR) <- [Travel Adventures SRL]
2026-07-08 00:02:18.576 TRACE [main] org.hibernate.orm.jdbc.bind - binding parameter (5:TIMESTAMP) <- [2026-07-08T00:02:18.570364]
2026-07-08 00:02:18.581 TRACE [main] org.hibernate.orm.jdbc.bind - binding parameter (6:TIMESTAMP) <- [null]
2026-07-08 00:02:18.582 TRACE [main] org.hibernate.orm.jdbc.bind - binding parameter (7:VARCHAR) <- [organizer_4bb6048f@example.com]
2026-07-08 00:02:18.582 TRACE [main] org.hibernate.orm.jdbc.bind - binding parameter (8:BOOLEAN) <- [false]
2026-07-08 00:02:18.584 TRACE [main] org.hibernate.orm.jdbc.bind - binding parameter (9:VARCHAR) <- [null]
2026-07-08 00:02:18.585 TRACE [main] org.hibernate.orm.jdbc.bind - binding parameter (10:VARCHAR) <- [cae7a668-679d-4d65-a71f-798318f62996]
2026-07-08 00:02:18.585 TRACE [main] org.hibernate.orm.jdbc.bind - binding parameter (11:VARCHAR) <- [null]
2026-07-08 00:02:18.586 TRACE [main] org.hibernate.orm.jdbc.bind - binding parameter (12:VARCHAR) <- [hashed_password]
2026-07-08 00:02:18.588 TRACE [main] org.hibernate.orm.jdbc.bind - binding parameter (13:VARCHAR) <- [null]
2026-07-08 00:02:18.588 TRACE [main] org.hibernate.orm.jdbc.bind - binding parameter (14:VARCHAR) <- [ROLE_ORGANIZER]
2026-07-08 00:02:18.589 TRACE [main] org.hibernate.orm.jdbc.bind - binding parameter (15:TIMESTAMP) <- [2026-07-08T00:02:18.570401]
2026-07-08 00:02:18.589 TRACE [main] org.hibernate.orm.jdbc.bind - binding parameter (16:ENUM) <- [SOCIETA]
2026-07-08 00:02:18.589 TRACE [main] org.hibernate.orm.jdbc.bind - binding parameter (17:VARCHAR) <- [IT12345678901]
2026-07-08 00:02:18.589 TRACE [main] org.hibernate.orm.jdbc.bind - binding parameter (18:UUID) <- [13bff354-0e62-4a32-9cf6-07eb00ab6c61]
2026-07-08 00:02:18.600 DEBUG [main] org.hibernate.SQL - insert into users (approved,avatar_url,blocked,company_name,created_at,deleted_at,email,email_verified,first_name,keycloak_id,last_name,password_hash,phone,roles,updated_at,user_type,vat_number,id) values (?,?,?,?,?,?,?,?,?,?,?,?,?,?,?,?,?,?)
2026-07-08 00:02:18.603 TRACE [main] org.hibernate.orm.jdbc.bind - binding parameter (1:BOOLEAN) <- [true]
2026-07-08 00:02:18.604 TRACE [main] org.hibernate.orm.jdbc.bind - binding parameter (2:VARCHAR) <- [null]
2026-07-08 00:02:18.605 TRACE [main] org.hibernate.orm.jdbc.bind - binding parameter (3:BOOLEAN) <- [false]
2026-07-08 00:02:18.605 TRACE [main] org.hibernate.orm.jdbc.bind - binding parameter (4:VARCHAR) <- [null]
2026-07-08 00:02:18.605 TRACE [main] org.hibernate.orm.jdbc.bind - binding parameter (5:TIMESTAMP) <- [2026-07-08T00:02:18.600458]
2026-07-08 00:02:18.605 TRACE [main] org.hibernate.orm.jdbc.bind - binding parameter (6:TIMESTAMP) <- [null]
2026-07-08 00:02:18.606 TRACE [main] org.hibernate.orm.jdbc.bind - binding parameter (7:VARCHAR) <- [traveler@example.com]
2026-07-08 00:02:18.607 TRACE [main] org.hibernate.orm.jdbc.bind - binding parameter (8:BOOLEAN) <- [false]
2026-07-08 00:02:18.608 TRACE [main] org.hibernate.orm.jdbc.bind - binding parameter (9:VARCHAR) <- [Marco]
2026-07-08 00:02:18.608 TRACE [main] org.hibernate.orm.jdbc.bind - binding parameter (10:VARCHAR) <- [2eb2c04e-7740-4de3-a265-6c3fcec6fe16]
2026-07-08 00:02:18.609 TRACE [main] org.hibernate.orm.jdbc.bind - binding parameter (11:VARCHAR) <- [Rossi]
2026-07-08 00:02:18.610 TRACE [main] org.hibernate.orm.jdbc.bind - binding parameter (12:VARCHAR) <- [hashed_password]
2026-07-08 00:02:18.610 TRACE [main] org.hibernate.orm.jdbc.bind - binding parameter (13:VARCHAR) <- [null]
2026-07-08 00:02:18.610 TRACE [main] org.hibernate.orm.jdbc.bind - binding parameter (14:VARCHAR) <- [ROLE_VIAGGIATORE]
2026-07-08 00:02:18.611 TRACE [main] org.hibernate.orm.jdbc.bind - binding parameter (15:TIMESTAMP) <- [2026-07-08T00:02:18.600490]
2026-07-08 00:02:18.612 TRACE [main] org.hibernate.orm.jdbc.bind - binding parameter (16:ENUM) <- [VIAGGIATORE]
2026-07-08 00:02:18.612 TRACE [main] org.hibernate.orm.jdbc.bind - binding parameter (17:VARCHAR) <- [null]
2026-07-08 00:02:18.612 TRACE [main] org.hibernate.orm.jdbc.bind - binding parameter (18:UUID) <- [7e149459-c1d1-4a36-9d68-ab573744c149]
2026-07-08 00:02:18.617 DEBUG [main] org.hibernate.SQL - insert into users (approved,avatar_url,blocked,company_name,created_at,deleted_at,email,email_verified,first_name,keycloak_id,last_name,password_hash,phone,roles,updated_at,user_type,vat_number,id) values (?,?,?,?,?,?,?,?,?,?,?,?,?,?,?,?,?,?)
2026-07-08 00:02:18.617 TRACE [main] org.hibernate.orm.jdbc.bind - binding parameter (1:BOOLEAN) <- [true]
2026-07-08 00:02:18.618 TRACE [main] org.hibernate.orm.jdbc.bind - binding parameter (2:VARCHAR) <- [null]
2026-07-08 00:02:18.618 TRACE [main] org.hibernate.orm.jdbc.bind - binding parameter (3:BOOLEAN) <- [false]
2026-07-08 00:02:18.620 TRACE [main] org.hibernate.orm.jdbc.bind - binding parameter (4:VARCHAR) <- [null]
2026-07-08 00:02:18.620 TRACE [main] org.hibernate.orm.jdbc.bind - binding parameter (5:TIMESTAMP) <- [2026-07-08T00:02:18.617072]
2026-07-08 00:02:18.621 TRACE [main] org.hibernate.orm.jdbc.bind - binding parameter (6:TIMESTAMP) <- [null]
2026-07-08 00:02:18.626 TRACE [main] org.hibernate.orm.jdbc.bind - binding parameter (7:VARCHAR) <- [a@a.com]
2026-07-08 00:02:18.627 TRACE [main] org.hibernate.orm.jdbc.bind - binding parameter (8:BOOLEAN) <- [false]
2026-07-08 00:02:18.627 TRACE [main] org.hibernate.orm.jdbc.bind - binding parameter (9:VARCHAR) <- [A]
2026-07-08 00:02:18.628 TRACE [main] org.hibernate.orm.jdbc.bind - binding parameter (10:VARCHAR) <- [4370b2bd-2029-4730-96bf-a1d9578815be]
2026-07-08 00:02:18.629 TRACE [main] org.hibernate.orm.jdbc.bind - binding parameter (11:VARCHAR) <- [A]
2026-07-08 00:02:18.629 TRACE [main] org.hibernate.orm.jdbc.bind - binding parameter (12:VARCHAR) <- [hashed_password]
2026-07-08 00:02:18.629 TRACE [main] org.hibernate.orm.jdbc.bind - binding parameter (13:VARCHAR) <- [null]
2026-07-08 00:02:18.629 TRACE [main] org.hibernate.orm.jdbc.bind - binding parameter (14:VARCHAR) <- [ROLE_VIAGGIATORE]
2026-07-08 00:02:18.629 TRACE [main] org.hibernate.orm.jdbc.bind - binding parameter (15:TIMESTAMP) <- [2026-07-08T00:02:18.617101]
2026-07-08 00:02:18.629 TRACE [main] org.hibernate.orm.jdbc.bind - binding parameter (16:ENUM) <- [VIAGGIATORE]
2026-07-08 00:02:18.629 TRACE [main] org.hibernate.orm.jdbc.bind - binding parameter (17:VARCHAR) <- [null]
2026-07-08 00:02:18.631 TRACE [main] org.hibernate.orm.jdbc.bind - binding parameter (18:UUID) <- [cfe44aba-4fc6-40c3-b3d9-3e85bb8c04b9]
2026-07-08 00:02:18.638 DEBUG [main] org.hibernate.SQL - insert into activity_templates (approved,created_at,created_by,deleted_at,description,last_modified_by,location,location_id,name,organizer_id,updated_at,version,id) values (?,?,?,?,?,?,?,?,?,?,?,?,?)
2026-07-08 00:02:18.639 TRACE [main] org.hibernate.orm.jdbc.bind - binding parameter (1:BOOLEAN) <- [true]
2026-07-08 00:02:18.639 TRACE [main] org.hibernate.orm.jdbc.bind - binding parameter (2:TIMESTAMP) <- [2026-07-08T00:02:18.405020]
2026-07-08 00:02:18.639 TRACE [main] org.hibernate.orm.jdbc.bind - binding parameter (3:VARCHAR) <- [SYSTEM]
2026-07-08 00:02:18.640 TRACE [main] org.hibernate.orm.jdbc.bind - binding parameter (4:TIMESTAMP) <- [null]
2026-07-08 00:02:18.640 TRACE [main] org.hibernate.orm.jdbc.bind - binding parameter (5:VARCHAR) <- [Tour guidato al Colosseo e Fori Imperiali.]
2026-07-08 00:02:18.640 TRACE [main] org.hibernate.orm.jdbc.bind - binding parameter (6:VARCHAR) <- [SYSTEM]
2026-07-08 00:02:18.640 TRACE [main] org.hibernate.orm.jdbc.bind - binding parameter (7:VARCHAR) <- [Roma]
2026-07-08 00:02:18.640 TRACE [main] org.hibernate.orm.jdbc.bind - binding parameter (8:UUID) <- [f794e406-a427-469b-9b38-cc738f2e6bd0]
2026-07-08 00:02:18.641 TRACE [main] org.hibernate.orm.jdbc.bind - binding parameter (9:VARCHAR) <- [Visita al Colosseo]
2026-07-08 00:02:18.641 TRACE [main] org.hibernate.orm.jdbc.bind - binding parameter (10:UUID) <- [13bff354-0e62-4a32-9cf6-07eb00ab6c61]
2026-07-08 00:02:18.641 TRACE [main] org.hibernate.orm.jdbc.bind - binding parameter (11:TIMESTAMP) <- [2026-07-08T00:02:18.405020]
2026-07-08 00:02:18.641 TRACE [main] org.hibernate.orm.jdbc.bind - binding parameter (12:BIGINT) <- [0]
2026-07-08 00:02:18.641 TRACE [main] org.hibernate.orm.jdbc.bind - binding parameter (13:UUID) <- [e27cdf24-f450-421e-afae-c027371f883b]
2026-07-08 00:02:18.642 DEBUG [main] org.hibernate.SQL - insert into activity_templates (approved,created_at,created_by,deleted_at,description,last_modified_by,location,location_id,name,organizer_id,updated_at,version,id) values (?,?,?,?,?,?,?,?,?,?,?,?,?)
2026-07-08 00:02:18.643 TRACE [main] org.hibernate.orm.jdbc.bind - binding parameter (1:BOOLEAN) <- [true]
2026-07-08 00:02:18.643 TRACE [main] org.hibernate.orm.jdbc.bind - binding parameter (2:TIMESTAMP) <- [2026-07-08T00:02:18.443054]
2026-07-08 00:02:18.643 TRACE [main] org.hibernate.orm.jdbc.bind - binding parameter (3:VARCHAR) <- [SYSTEM]
2026-07-08 00:02:18.643 TRACE [main] org.hibernate.orm.jdbc.bind - binding parameter (4:TIMESTAMP) <- [null]
2026-07-08 00:02:18.644 TRACE [main] org.hibernate.orm.jdbc.bind - binding parameter (5:VARCHAR) <- [Cena tipica romana in una trattoria a Trastevere.]
2026-07-08 00:02:18.644 TRACE [main] org.hibernate.orm.jdbc.bind - binding parameter (6:VARCHAR) <- [SYSTEM]
2026-07-08 00:02:18.644 TRACE [main] org.hibernate.orm.jdbc.bind - binding parameter (7:VARCHAR) <- [Roma]
2026-07-08 00:02:18.644 TRACE [main] org.hibernate.orm.jdbc.bind - binding parameter (8:UUID) <- [f794e406-a427-469b-9b38-cc738f2e6bd0]
2026-07-08 00:02:18.644 TRACE [main] org.hibernate.orm.jdbc.bind - binding parameter (9:VARCHAR) <- [Cena a Trastevere]
2026-07-08 00:02:18.645 TRACE [main] org.hibernate.orm.jdbc.bind - binding parameter (10:UUID) <- [13bff354-0e62-4a32-9cf6-07eb00ab6c61]
2026-07-08 00:02:18.645 TRACE [main] org.hibernate.orm.jdbc.bind - binding parameter (11:TIMESTAMP) <- [2026-07-08T00:02:18.443054]
2026-07-08 00:02:18.646 TRACE [main] org.hibernate.orm.jdbc.bind - binding parameter (12:BIGINT) <- [0]
2026-07-08 00:02:18.646 TRACE [main] org.hibernate.orm.jdbc.bind - binding parameter (13:UUID) <- [dd54f6af-b49d-46fb-9df3-d83030764612]
2026-07-08 00:02:18.647 DEBUG [main] org.hibernate.SQL - insert into activity_templates (approved,created_at,created_by,deleted_at,description,last_modified_by,location,location_id,name,organizer_id,updated_at,version,id) values (?,?,?,?,?,?,?,?,?,?,?,?,?)
2026-07-08 00:02:18.648 TRACE [main] org.hibernate.orm.jdbc.bind - binding parameter (1:BOOLEAN) <- [true]
2026-07-08 00:02:18.648 TRACE [main] org.hibernate.orm.jdbc.bind - binding parameter (2:TIMESTAMP) <- [2026-07-08T00:02:18.446388]
2026-07-08 00:02:18.648 TRACE [main] org.hibernate.orm.jdbc.bind - binding parameter (3:VARCHAR) <- [SYSTEM]
2026-07-08 00:02:18.648 TRACE [main] org.hibernate.orm.jdbc.bind - binding parameter (4:TIMESTAMP) <- [null]
2026-07-08 00:02:18.649 TRACE [main] org.hibernate.orm.jdbc.bind - binding parameter (5:VARCHAR) <- [Escursione panoramica alle Tre Cime di Lavaredo.]
2026-07-08 00:02:18.649 TRACE [main] org.hibernate.orm.jdbc.bind - binding parameter (6:VARCHAR) <- [SYSTEM]
2026-07-08 00:02:18.649 TRACE [main] org.hibernate.orm.jdbc.bind - binding parameter (7:VARCHAR) <- [Dolomiti]
2026-07-08 00:02:18.649 TRACE [main] org.hibernate.orm.jdbc.bind - binding parameter (8:UUID) <- [c2396600-3cbd-4b6e-a4cb-5b120f44b12c]
2026-07-08 00:02:18.650 TRACE [main] org.hibernate.orm.jdbc.bind - binding parameter (9:VARCHAR) <- [Trekking Tre Cime]
2026-07-08 00:02:18.650 TRACE [main] org.hibernate.orm.jdbc.bind - binding parameter (10:UUID) <- [13bff354-0e62-4a32-9cf6-07eb00ab6c61]
2026-07-08 00:02:18.651 TRACE [main] org.hibernate.orm.jdbc.bind - binding parameter (11:TIMESTAMP) <- [2026-07-08T00:02:18.446388]
2026-07-08 00:02:18.651 TRACE [main] org.hibernate.orm.jdbc.bind - binding parameter (12:BIGINT) <- [0]
2026-07-08 00:02:18.651 TRACE [main] org.hibernate.orm.jdbc.bind - binding parameter (13:UUID) <- [f460961f-cc26-4b91-8367-217e2f57c674]
2026-07-08 00:02:18.652 DEBUG [main] org.hibernate.SQL - insert into activity_templates (approved,created_at,created_by,deleted_at,description,last_modified_by,location,location_id,name,organizer_id,updated_at,version,id) values (?,?,?,?,?,?,?,?,?,?,?,?,?)
2026-07-08 00:02:18.653 TRACE [main] org.hibernate.orm.jdbc.bind - binding parameter (1:BOOLEAN) <- [true]
2026-07-08 00:02:18.653 TRACE [main] org.hibernate.orm.jdbc.bind - binding parameter (2:TIMESTAMP) <- [2026-07-08T00:02:18.457521]
2026-07-08 00:02:18.653 TRACE [main] org.hibernate.orm.jdbc.bind - binding parameter (3:VARCHAR) <- [SYSTEM]
2026-07-08 00:02:18.654 TRACE [main] org.hibernate.orm.jdbc.bind - binding parameter (4:TIMESTAMP) <- [null]
2026-07-08 00:02:18.654 TRACE [main] org.hibernate.orm.jdbc.bind - binding parameter (5:VARCHAR) <- [Giornata di relax alle terme alpine.]
2026-07-08 00:02:18.655 TRACE [main] org.hibernate.orm.jdbc.bind - binding parameter (6:VARCHAR) <- [SYSTEM]
2026-07-08 00:02:18.662 TRACE [main] org.hibernate.orm.jdbc.bind - binding parameter (7:VARCHAR) <- [Dolomiti]
2026-07-08 00:02:18.668 TRACE [main] org.hibernate.orm.jdbc.bind - binding parameter (8:UUID) <- [c2396600-3cbd-4b6e-a4cb-5b120f44b12c]
2026-07-08 00:02:18.669 TRACE [main] org.hibernate.orm.jdbc.bind - binding parameter (9:VARCHAR) <- [Spa in Montagna]
2026-07-08 00:02:18.669 TRACE [main] org.hibernate.orm.jdbc.bind - binding parameter (10:UUID) <- [13bff354-0e62-4a32-9cf6-07eb00ab6c61]
2026-07-08 00:02:18.670 TRACE [main] org.hibernate.orm.jdbc.bind - binding parameter (11:TIMESTAMP) <- [2026-07-08T00:02:18.457521]
2026-07-08 00:02:18.670 TRACE [main] org.hibernate.orm.jdbc.bind - binding parameter (12:BIGINT) <- [0]
2026-07-08 00:02:18.671 TRACE [main] org.hibernate.orm.jdbc.bind - binding parameter (13:UUID) <- [2874d738-ce39-49f5-8b98-ea6b67077c41]
2026-07-08 00:02:18.674 DEBUG [main] org.hibernate.SQL - insert into activity_templates (approved,created_at,created_by,deleted_at,description,last_modified_by,location,location_id,name,organizer_id,updated_at,version,id) values (?,?,?,?,?,?,?,?,?,?,?,?,?)
2026-07-08 00:02:18.674 TRACE [main] org.hibernate.orm.jdbc.bind - binding parameter (1:BOOLEAN) <- [true]
2026-07-08 00:02:18.674 TRACE [main] org.hibernate.orm.jdbc.bind - binding parameter (2:TIMESTAMP) <- [2026-07-08T00:02:18.459314]
2026-07-08 00:02:18.675 TRACE [main] org.hibernate.orm.jdbc.bind - binding parameter (3:VARCHAR) <- [SYSTEM]
2026-07-08 00:02:18.675 TRACE [main] org.hibernate.orm.jdbc.bind - binding parameter (4:TIMESTAMP) <- [null]
2026-07-08 00:02:18.675 TRACE [main] org.hibernate.orm.jdbc.bind - binding parameter (5:VARCHAR) <- [Safari in Jeep per vedere i Big Five.]
2026-07-08 00:02:18.675 TRACE [main] org.hibernate.orm.jdbc.bind - binding parameter (6:VARCHAR) <- [SYSTEM]
2026-07-08 00:02:18.675 TRACE [main] org.hibernate.orm.jdbc.bind - binding parameter (7:VARCHAR) <- [Masai Mara]
2026-07-08 00:02:18.675 TRACE [main] org.hibernate.orm.jdbc.bind - binding parameter (8:UUID) <- [5770c2e7-ee4c-4b18-a9d0-59467eb17e39]
2026-07-08 00:02:18.675 TRACE [main] org.hibernate.orm.jdbc.bind - binding parameter (9:VARCHAR) <- [Game Drive]
2026-07-08 00:02:18.675 TRACE [main] org.hibernate.orm.jdbc.bind - binding parameter (10:UUID) <- [13bff354-0e62-4a32-9cf6-07eb00ab6c61]
2026-07-08 00:02:18.675 TRACE [main] org.hibernate.orm.jdbc.bind - binding parameter (11:TIMESTAMP) <- [2026-07-08T00:02:18.459314]
2026-07-08 00:02:18.676 TRACE [main] org.hibernate.orm.jdbc.bind - binding parameter (12:BIGINT) <- [0]
2026-07-08 00:02:18.676 TRACE [main] org.hibernate.orm.jdbc.bind - binding parameter (13:UUID) <- [2a612789-dadc-46ca-9180-460e9ac8b2f8]
2026-07-08 00:02:18.677 DEBUG [main] org.hibernate.SQL - insert into activity_templates (approved,created_at,created_by,deleted_at,description,last_modified_by,location,location_id,name,organizer_id,updated_at,version,id) values (?,?,?,?,?,?,?,?,?,?,?,?,?)
2026-07-08 00:02:18.678 TRACE [main] org.hibernate.orm.jdbc.bind - binding parameter (1:BOOLEAN) <- [true]
2026-07-08 00:02:18.679 TRACE [main] org.hibernate.orm.jdbc.bind - binding parameter (2:TIMESTAMP) <- [2026-07-08T00:02:18.460468]
2026-07-08 00:02:18.679 TRACE [main] org.hibernate.orm.jdbc.bind - binding parameter (3:VARCHAR) <- [SYSTEM]
2026-07-08 00:02:18.679 TRACE [main] org.hibernate.orm.jdbc.bind - binding parameter (4:TIMESTAMP) <- [null]
2026-07-08 00:02:18.679 TRACE [main] org.hibernate.orm.jdbc.bind - binding parameter (5:VARCHAR) <- [Impara a fare pasta e pizza con uno chef locale.]
2026-07-08 00:02:18.679 TRACE [main] org.hibernate.orm.jdbc.bind - binding parameter (6:VARCHAR) <- [SYSTEM]
2026-07-08 00:02:18.679 TRACE [main] org.hibernate.orm.jdbc.bind - binding parameter (7:VARCHAR) <- [Firenze]
2026-07-08 00:02:18.679 TRACE [main] org.hibernate.orm.jdbc.bind - binding parameter (8:UUID) <- [null]
2026-07-08 00:02:18.679 TRACE [main] org.hibernate.orm.jdbc.bind - binding parameter (9:VARCHAR) <- [Corso di Cucina Italiana]
2026-07-08 00:02:18.680 TRACE [main] org.hibernate.orm.jdbc.bind - binding parameter (10:UUID) <- [13bff354-0e62-4a32-9cf6-07eb00ab6c61]
2026-07-08 00:02:18.680 TRACE [main] org.hibernate.orm.jdbc.bind - binding parameter (11:TIMESTAMP) <- [2026-07-08T00:02:18.460468]
2026-07-08 00:02:18.680 TRACE [main] org.hibernate.orm.jdbc.bind - binding parameter (12:BIGINT) <- [0]
2026-07-08 00:02:18.680 TRACE [main] org.hibernate.orm.jdbc.bind - binding parameter (13:UUID) <- [6544dedc-fa20-49b8-aa4e-823cf8e6bbf5]
2026-07-08 00:02:18.681 DEBUG [main] org.hibernate.SQL - insert into activity_templates (approved,created_at,created_by,deleted_at,description,last_modified_by,location,location_id,name,organizer_id,updated_at,version,id) values (?,?,?,?,?,?,?,?,?,?,?,?,?)
2026-07-08 00:02:18.684 TRACE [main] org.hibernate.orm.jdbc.bind - binding parameter (1:BOOLEAN) <- [true]
2026-07-08 00:02:18.684 TRACE [main] org.hibernate.orm.jdbc.bind - binding parameter (2:TIMESTAMP) <- [2026-07-08T00:02:18.462796]
2026-07-08 00:02:18.684 TRACE [main] org.hibernate.orm.jdbc.bind - binding parameter (3:VARCHAR) <- [SYSTEM]
2026-07-08 00:02:18.684 TRACE [main] org.hibernate.orm.jdbc.bind - binding parameter (4:TIMESTAMP) <- [null]
2026-07-08 00:02:18.684 TRACE [main] org.hibernate.orm.jdbc.bind - binding parameter (5:VARCHAR) <- [Romantico giro nei canali di Venezia.]
2026-07-08 00:02:18.685 TRACE [main] org.hibernate.orm.jdbc.bind - binding parameter (6:VARCHAR) <- [SYSTEM]
2026-07-08 00:02:18.685 TRACE [main] org.hibernate.orm.jdbc.bind - binding parameter (7:VARCHAR) <- [Venezia]
2026-07-08 00:02:18.685 TRACE [main] org.hibernate.orm.jdbc.bind - binding parameter (8:UUID) <- [null]
2026-07-08 00:02:18.685 TRACE [main] org.hibernate.orm.jdbc.bind - binding parameter (9:VARCHAR) <- [Giro in Gondola]
2026-07-08 00:02:18.685 TRACE [main] org.hibernate.orm.jdbc.bind - binding parameter (10:UUID) <- [13bff354-0e62-4a32-9cf6-07eb00ab6c61]
2026-07-08 00:02:18.685 TRACE [main] org.hibernate.orm.jdbc.bind - binding parameter (11:TIMESTAMP) <- [2026-07-08T00:02:18.462796]
2026-07-08 00:02:18.685 TRACE [main] org.hibernate.orm.jdbc.bind - binding parameter (12:BIGINT) <- [0]
2026-07-08 00:02:18.685 TRACE [main] org.hibernate.orm.jdbc.bind - binding parameter (13:UUID) <- [a8627c65-9626-4177-9452-9caa812e6b70]
2026-07-08 00:02:18.687 DEBUG [main] org.hibernate.SQL - insert into activity_templates (approved,created_at,created_by,deleted_at,description,last_modified_by,location,location_id,name,organizer_id,updated_at,version,id) values (?,?,?,?,?,?,?,?,?,?,?,?,?)
2026-07-08 00:02:18.687 TRACE [main] org.hibernate.orm.jdbc.bind - binding parameter (1:BOOLEAN) <- [true]
2026-07-08 00:02:18.688 TRACE [main] org.hibernate.orm.jdbc.bind - binding parameter (2:TIMESTAMP) <- [2026-07-08T00:02:18.463934]
2026-07-08 00:02:18.688 TRACE [main] org.hibernate.orm.jdbc.bind - binding parameter (3:VARCHAR) <- [SYSTEM]
2026-07-08 00:02:18.688 TRACE [main] org.hibernate.orm.jdbc.bind - binding parameter (4:TIMESTAMP) <- [null]
2026-07-08 00:02:18.688 TRACE [main] org.hibernate.orm.jdbc.bind - binding parameter (5:VARCHAR) <- [Tour a piedi gratuito per il centro storico (mancia consigliata).]
2026-07-08 00:02:18.688 TRACE [main] org.hibernate.orm.jdbc.bind - binding parameter (6:VARCHAR) <- [SYSTEM]
2026-07-08 00:02:18.688 TRACE [main] org.hibernate.orm.jdbc.bind - binding parameter (7:VARCHAR) <- [Milano]
2026-07-08 00:02:18.688 TRACE [main] org.hibernate.orm.jdbc.bind - binding parameter (8:UUID) <- [null]
2026-07-08 00:02:18.688 TRACE [main] org.hibernate.orm.jdbc.bind - binding parameter (9:VARCHAR) <- [Free Walking Tour]
2026-07-08 00:02:18.689 TRACE [main] org.hibernate.orm.jdbc.bind - binding parameter (10:UUID) <- [13bff354-0e62-4a32-9cf6-07eb00ab6c61]
2026-07-08 00:02:18.689 TRACE [main] org.hibernate.orm.jdbc.bind - binding parameter (11:TIMESTAMP) <- [2026-07-08T00:02:18.463934]
2026-07-08 00:02:18.690 TRACE [main] org.hibernate.orm.jdbc.bind - binding parameter (12:BIGINT) <- [0]
2026-07-08 00:02:18.691 TRACE [main] org.hibernate.orm.jdbc.bind - binding parameter (13:UUID) <- [64d49a3c-389f-4297-a53e-238ac36d196a]
2026-07-08 00:02:18.693 DEBUG [main] org.hibernate.SQL - insert into activities (created_at,created_by,deleted_at,end_time,last_modified_by,participants,price,start_time,template_id,updated_at,version,id) values (?,?,?,?,?,?,?,?,?,?,?,?)
2026-07-08 00:02:18.694 TRACE [main] org.hibernate.orm.jdbc.bind - binding parameter (1:TIMESTAMP) <- [2026-07-08T00:02:18.486770]
2026-07-08 00:02:18.695 TRACE [main] org.hibernate.orm.jdbc.bind - binding parameter (2:VARCHAR) <- [SYSTEM]
2026-07-08 00:02:18.695 TRACE [main] org.hibernate.orm.jdbc.bind - binding parameter (3:TIMESTAMP) <- [null]
2026-07-08 00:02:18.695 TRACE [main] org.hibernate.orm.jdbc.bind - binding parameter (4:TIMESTAMP) <- [2026-07-18T12:02:18.438955]
2026-07-08 00:02:18.696 TRACE [main] org.hibernate.orm.jdbc.bind - binding parameter (5:VARCHAR) <- [SYSTEM]
2026-07-08 00:02:18.696 TRACE [main] org.hibernate.orm.jdbc.bind - binding parameter (6:INTEGER) <- [20]
2026-07-08 00:02:18.701 TRACE [main] org.hibernate.orm.jdbc.bind - binding parameter (7:NUMERIC) <- [35.00]
2026-07-08 00:02:18.703 TRACE [main] org.hibernate.orm.jdbc.bind - binding parameter (8:TIMESTAMP) <- [2026-07-18T09:02:18.438873]
2026-07-08 00:02:18.703 TRACE [main] org.hibernate.orm.jdbc.bind - binding parameter (9:UUID) <- [e27cdf24-f450-421e-afae-c027371f883b]
2026-07-08 00:02:18.704 TRACE [main] org.hibernate.orm.jdbc.bind - binding parameter (10:TIMESTAMP) <- [2026-07-08T00:02:18.486770]
2026-07-08 00:02:18.704 TRACE [main] org.hibernate.orm.jdbc.bind - binding parameter (11:BIGINT) <- [0]
2026-07-08 00:02:18.705 TRACE [main] org.hibernate.orm.jdbc.bind - binding parameter (12:UUID) <- [bfe094a1-b33f-42e7-a371-9cf140bbb48b]
2026-07-08 00:02:18.706 DEBUG [main] org.hibernate.SQL - insert into activities (created_at,created_by,deleted_at,end_time,last_modified_by,participants,price,start_time,template_id,updated_at,version,id) values (?,?,?,?,?,?,?,?,?,?,?,?)
2026-07-08 00:02:18.710 TRACE [main] org.hibernate.orm.jdbc.bind - binding parameter (1:TIMESTAMP) <- [2026-07-08T00:02:18.489603]
2026-07-08 00:02:18.712 TRACE [main] org.hibernate.orm.jdbc.bind - binding parameter (2:VARCHAR) <- [SYSTEM]
2026-07-08 00:02:18.713 TRACE [main] org.hibernate.orm.jdbc.bind - binding parameter (3:TIMESTAMP) <- [null]
2026-07-08 00:02:18.714 TRACE [main] org.hibernate.orm.jdbc.bind - binding parameter (4:TIMESTAMP) <- [2026-07-18T23:02:18.443920]
2026-07-08 00:02:18.715 TRACE [main] org.hibernate.orm.jdbc.bind - binding parameter (5:VARCHAR) <- [SYSTEM]
2026-07-08 00:02:18.715 TRACE [main] org.hibernate.orm.jdbc.bind - binding parameter (6:INTEGER) <- [15]
2026-07-08 00:02:18.715 TRACE [main] org.hibernate.orm.jdbc.bind - binding parameter (7:NUMERIC) <- [45.00]
2026-07-08 00:02:18.715 TRACE [main] org.hibernate.orm.jdbc.bind - binding parameter (8:TIMESTAMP) <- [2026-07-18T20:02:18.443901]
2026-07-08 00:02:18.716 TRACE [main] org.hibernate.orm.jdbc.bind - binding parameter (9:UUID) <- [dd54f6af-b49d-46fb-9df3-d83030764612]
2026-07-08 00:02:18.716 TRACE [main] org.hibernate.orm.jdbc.bind - binding parameter (10:TIMESTAMP) <- [2026-07-08T00:02:18.489603]
2026-07-08 00:02:18.717 TRACE [main] org.hibernate.orm.jdbc.bind - binding parameter (11:BIGINT) <- [0]
2026-07-08 00:02:18.717 TRACE [main] org.hibernate.orm.jdbc.bind - binding parameter (12:UUID) <- [426e777d-1d93-4cbe-8bcb-eac36ed978a8]
2026-07-08 00:02:18.718 DEBUG [main] org.hibernate.SQL - insert into activities (created_at,created_by,deleted_at,end_time,last_modified_by,participants,price,start_time,template_id,updated_at,version,id) values (?,?,?,?,?,?,?,?,?,?,?,?)
2026-07-08 00:02:18.719 TRACE [main] org.hibernate.orm.jdbc.bind - binding parameter (1:TIMESTAMP) <- [2026-07-08T00:02:18.490730]
2026-07-08 00:02:18.720 TRACE [main] org.hibernate.orm.jdbc.bind - binding parameter (2:VARCHAR) <- [SYSTEM]
2026-07-08 00:02:18.720 TRACE [main] org.hibernate.orm.jdbc.bind - binding parameter (3:TIMESTAMP) <- [null]
2026-07-08 00:02:18.720 TRACE [main] org.hibernate.orm.jdbc.bind - binding parameter (4:TIMESTAMP) <- [2026-07-29T16:02:18.447833]
2026-07-08 00:02:18.721 TRACE [main] org.hibernate.orm.jdbc.bind - binding parameter (5:VARCHAR) <- [SYSTEM]
2026-07-08 00:02:18.723 TRACE [main] org.hibernate.orm.jdbc.bind - binding parameter (6:INTEGER) <- [10]
2026-07-08 00:02:18.725 TRACE [main] org.hibernate.orm.jdbc.bind - binding parameter (7:NUMERIC) <- [25.00]
2026-07-08 00:02:18.725 TRACE [main] org.hibernate.orm.jdbc.bind - binding parameter (8:TIMESTAMP) <- [2026-07-29T08:02:18.447786]
2026-07-08 00:02:18.728 TRACE [main] org.hibernate.orm.jdbc.bind - binding parameter (9:UUID) <- [f460961f-cc26-4b91-8367-217e2f57c674]
2026-07-08 00:02:18.729 TRACE [main] org.hibernate.orm.jdbc.bind - binding parameter (10:TIMESTAMP) <- [2026-07-08T00:02:18.490730]
2026-07-08 00:02:18.733 TRACE [main] org.hibernate.orm.jdbc.bind - binding parameter (11:BIGINT) <- [0]
2026-07-08 00:02:18.733 TRACE [main] org.hibernate.orm.jdbc.bind - binding parameter (12:UUID) <- [7d9c6e58-6d3c-453d-b8ee-9c925ed814fc]
2026-07-08 00:02:18.735 DEBUG [main] org.hibernate.SQL - insert into activities (created_at,created_by,deleted_at,end_time,last_modified_by,participants,price,start_time,template_id,updated_at,version,id) values (?,?,?,?,?,?,?,?,?,?,?,?)
2026-07-08 00:02:18.736 TRACE [main] org.hibernate.orm.jdbc.bind - binding parameter (1:TIMESTAMP) <- [2026-07-08T00:02:18.493103]
2026-07-08 00:02:18.736 TRACE [main] org.hibernate.orm.jdbc.bind - binding parameter (2:VARCHAR) <- [SYSTEM]
2026-07-08 00:02:18.736 TRACE [main] org.hibernate.orm.jdbc.bind - binding parameter (3:TIMESTAMP) <- [null]
2026-07-08 00:02:18.736 TRACE [main] org.hibernate.orm.jdbc.bind - binding parameter (4:TIMESTAMP) <- [2026-07-30T18:02:18.458222]
2026-07-08 00:02:18.737 TRACE [main] org.hibernate.orm.jdbc.bind - binding parameter (5:VARCHAR) <- [SYSTEM]
2026-07-08 00:02:18.737 TRACE [main] org.hibernate.orm.jdbc.bind - binding parameter (6:INTEGER) <- [10]
2026-07-08 00:02:18.737 TRACE [main] org.hibernate.orm.jdbc.bind - binding parameter (7:NUMERIC) <- [60.00]
2026-07-08 00:02:18.738 TRACE [main] org.hibernate.orm.jdbc.bind - binding parameter (8:TIMESTAMP) <- [2026-07-30T10:02:18.458202]
2026-07-08 00:02:18.738 TRACE [main] org.hibernate.orm.jdbc.bind - binding parameter (9:UUID) <- [2874d738-ce39-49f5-8b98-ea6b67077c41]
2026-07-08 00:02:18.738 TRACE [main] org.hibernate.orm.jdbc.bind - binding parameter (10:TIMESTAMP) <- [2026-07-08T00:02:18.493103]
2026-07-08 00:02:18.738 TRACE [main] org.hibernate.orm.jdbc.bind - binding parameter (11:BIGINT) <- [0]
2026-07-08 00:02:18.738 TRACE [main] org.hibernate.orm.jdbc.bind - binding parameter (12:UUID) <- [958694eb-7cdf-4301-ae87-4b901516f417]
2026-07-08 00:02:18.742 DEBUG [main] org.hibernate.SQL - insert into activities (created_at,created_by,deleted_at,end_time,last_modified_by,participants,price,start_time,template_id,updated_at,version,id) values (?,?,?,?,?,?,?,?,?,?,?,?)
2026-07-08 00:02:18.744 TRACE [main] org.hibernate.orm.jdbc.bind - binding parameter (1:TIMESTAMP) <- [2026-07-08T00:02:18.493789]
2026-07-08 00:02:18.746 TRACE [main] org.hibernate.orm.jdbc.bind - binding parameter (2:VARCHAR) <- [SYSTEM]
2026-07-08 00:02:18.747 TRACE [main] org.hibernate.orm.jdbc.bind - binding parameter (3:TIMESTAMP) <- [null]
2026-07-08 00:02:18.751 TRACE [main] org.hibernate.orm.jdbc.bind - binding parameter (4:TIMESTAMP) <- [2026-08-18T12:02:18.459957]
2026-07-08 00:02:18.752 TRACE [main] org.hibernate.orm.jdbc.bind - binding parameter (5:VARCHAR) <- [SYSTEM]
2026-07-08 00:02:18.752 TRACE [main] org.hibernate.orm.jdbc.bind - binding parameter (6:INTEGER) <- [6]
2026-07-08 00:02:18.752 TRACE [main] org.hibernate.orm.jdbc.bind - binding parameter (7:NUMERIC) <- [150.00]
2026-07-08 00:02:18.752 TRACE [main] org.hibernate.orm.jdbc.bind - binding parameter (8:TIMESTAMP) <- [2026-08-18T06:02:18.459934]
2026-07-08 00:02:18.752 TRACE [main] org.hibernate.orm.jdbc.bind - binding parameter (9:UUID) <- [2a612789-dadc-46ca-9180-460e9ac8b2f8]
2026-07-08 00:02:18.752 TRACE [main] org.hibernate.orm.jdbc.bind - binding parameter (10:TIMESTAMP) <- [2026-07-08T00:02:18.493789]
2026-07-08 00:02:18.753 TRACE [main] org.hibernate.orm.jdbc.bind - binding parameter (11:BIGINT) <- [0]
2026-07-08 00:02:18.753 TRACE [main] org.hibernate.orm.jdbc.bind - binding parameter (12:UUID) <- [06efb3fd-4676-4361-b50e-4991cd70e403]
2026-07-08 00:02:18.754 DEBUG [main] org.hibernate.SQL - insert into activities (created_at,created_by,deleted_at,end_time,last_modified_by,participants,price,start_time,template_id,updated_at,version,id) values (?,?,?,?,?,?,?,?,?,?,?,?)
2026-07-08 00:02:18.754 TRACE [main] org.hibernate.orm.jdbc.bind - binding parameter (1:TIMESTAMP) <- [2026-07-08T00:02:18.494702]
2026-07-08 00:02:18.754 TRACE [main] org.hibernate.orm.jdbc.bind - binding parameter (2:VARCHAR) <- [SYSTEM]
2026-07-08 00:02:18.754 TRACE [main] org.hibernate.orm.jdbc.bind - binding parameter (3:TIMESTAMP) <- [null]
2026-07-08 00:02:18.754 TRACE [main] org.hibernate.orm.jdbc.bind - binding parameter (4:TIMESTAMP) <- [2026-07-13T20:02:18.461960]
2026-07-08 00:02:18.754 TRACE [main] org.hibernate.orm.jdbc.bind - binding parameter (5:VARCHAR) <- [SYSTEM]
2026-07-08 00:02:18.755 TRACE [main] org.hibernate.orm.jdbc.bind - binding parameter (6:INTEGER) <- [8]
2026-07-08 00:02:18.755 TRACE [main] org.hibernate.orm.jdbc.bind - binding parameter (7:NUMERIC) <- [80.00]
2026-07-08 00:02:18.756 TRACE [main] org.hibernate.orm.jdbc.bind - binding parameter (8:TIMESTAMP) <- [2026-07-13T16:02:18.461247]
2026-07-08 00:02:18.756 TRACE [main] org.hibernate.orm.jdbc.bind - binding parameter (9:UUID) <- [6544dedc-fa20-49b8-aa4e-823cf8e6bbf5]
2026-07-08 00:02:18.758 TRACE [main] org.hibernate.orm.jdbc.bind - binding parameter (10:TIMESTAMP) <- [2026-07-08T00:02:18.494702]
2026-07-08 00:02:18.759 TRACE [main] org.hibernate.orm.jdbc.bind - binding parameter (11:BIGINT) <- [0]
2026-07-08 00:02:18.759 TRACE [main] org.hibernate.orm.jdbc.bind - binding parameter (12:UUID) <- [d548cbba-bcf4-4094-853d-d617302572c2]
2026-07-08 00:02:18.761 DEBUG [main] org.hibernate.SQL - insert into activities (created_at,created_by,deleted_at,end_time,last_modified_by,participants,price,start_time,template_id,updated_at,version,id) values (?,?,?,?,?,?,?,?,?,?,?,?)
2026-07-08 00:02:18.762 TRACE [main] org.hibernate.orm.jdbc.bind - binding parameter (1:TIMESTAMP) <- [2026-07-08T00:02:18.495632]
2026-07-08 00:02:18.762 TRACE [main] org.hibernate.orm.jdbc.bind - binding parameter (2:VARCHAR) <- [SYSTEM]
2026-07-08 00:02:18.762 TRACE [main] org.hibernate.orm.jdbc.bind - binding parameter (3:TIMESTAMP) <- [null]
2026-07-08 00:02:18.762 TRACE [main] org.hibernate.orm.jdbc.bind - binding parameter (4:TIMESTAMP) <- [2026-07-10T19:02:18.463229]
2026-07-08 00:02:18.763 TRACE [main] org.hibernate.orm.jdbc.bind - binding parameter (5:VARCHAR) <- [SYSTEM]
2026-07-08 00:02:18.763 TRACE [main] org.hibernate.orm.jdbc.bind - binding parameter (6:INTEGER) <- [2]
2026-07-08 00:02:18.763 TRACE [main] org.hibernate.orm.jdbc.bind - binding parameter (7:NUMERIC) <- [90.00]
2026-07-08 00:02:18.763 TRACE [main] org.hibernate.orm.jdbc.bind - binding parameter (8:TIMESTAMP) <- [2026-07-10T18:02:18.463211]
2026-07-08 00:02:18.764 TRACE [main] org.hibernate.orm.jdbc.bind - binding parameter (9:UUID) <- [a8627c65-9626-4177-9452-9caa812e6b70]
2026-07-08 00:02:18.764 TRACE [main] org.hibernate.orm.jdbc.bind - binding parameter (10:TIMESTAMP) <- [2026-07-08T00:02:18.495632]
2026-07-08 00:02:18.765 TRACE [main] org.hibernate.orm.jdbc.bind - binding parameter (11:BIGINT) <- [0]
2026-07-08 00:02:18.766 TRACE [main] org.hibernate.orm.jdbc.bind - binding parameter (12:UUID) <- [7a31c5ef-b910-400d-bd4f-9b9339c5db44]
2026-07-08 00:02:18.769 DEBUG [main] org.hibernate.SQL - insert into activities (created_at,created_by,deleted_at,end_time,last_modified_by,participants,price,start_time,template_id,updated_at,version,id) values (?,?,?,?,?,?,?,?,?,?,?,?)
2026-07-08 00:02:18.770 TRACE [main] org.hibernate.orm.jdbc.bind - binding parameter (1:TIMESTAMP) <- [2026-07-08T00:02:18.497542]
2026-07-08 00:02:18.771 TRACE [main] org.hibernate.orm.jdbc.bind - binding parameter (2:VARCHAR) <- [SYSTEM]
2026-07-08 00:02:18.771 TRACE [main] org.hibernate.orm.jdbc.bind - binding parameter (3:TIMESTAMP) <- [null]
2026-07-08 00:02:18.774 TRACE [main] org.hibernate.orm.jdbc.bind - binding parameter (4:TIMESTAMP) <- [2026-07-09T12:02:18.464324]
2026-07-08 00:02:18.775 TRACE [main] org.hibernate.orm.jdbc.bind - binding parameter (5:VARCHAR) <- [SYSTEM]
2026-07-08 00:02:18.775 TRACE [main] org.hibernate.orm.jdbc.bind - binding parameter (6:INTEGER) <- [30]
2026-07-08 00:02:18.775 TRACE [main] org.hibernate.orm.jdbc.bind - binding parameter (7:NUMERIC) <- [0]
2026-07-08 00:02:18.775 TRACE [main] org.hibernate.orm.jdbc.bind - binding parameter (8:TIMESTAMP) <- [2026-07-09T10:02:18.464310]
2026-07-08 00:02:18.776 TRACE [main] org.hibernate.orm.jdbc.bind - binding parameter (9:UUID) <- [64d49a3c-389f-4297-a53e-238ac36d196a]
2026-07-08 00:02:18.779 TRACE [main] org.hibernate.orm.jdbc.bind - binding parameter (10:TIMESTAMP) <- [2026-07-08T00:02:18.497542]
2026-07-08 00:02:18.780 TRACE [main] org.hibernate.orm.jdbc.bind - binding parameter (11:BIGINT) <- [0]
2026-07-08 00:02:18.783 TRACE [main] org.hibernate.orm.jdbc.bind - binding parameter (12:UUID) <- [8fcc9bb5-c3cc-4eca-889a-27d490fd1208]
2026-07-08 00:02:18.787 DEBUG [main] org.hibernate.SQL - insert into itineraries (created_at,created_by,creator_id,deleted_at,description,end_date_time,image_path,last_modified_by,start_date_time,title,updated_at,version,visibility,id) values (?,?,?,?,?,?,?,?,?,?,?,?,?,?)
2026-07-08 00:02:18.788 TRACE [main] org.hibernate.orm.jdbc.bind - binding parameter (1:TIMESTAMP) <- [2026-07-08T00:02:18.520844]
2026-07-08 00:02:18.788 TRACE [main] org.hibernate.orm.jdbc.bind - binding parameter (2:VARCHAR) <- [SYSTEM]
2026-07-08 00:02:18.788 TRACE [main] org.hibernate.orm.jdbc.bind - binding parameter (3:UUID) <- [13bff354-0e62-4a32-9cf6-07eb00ab6c61]
2026-07-08 00:02:18.788 TRACE [main] org.hibernate.orm.jdbc.bind - binding parameter (4:TIMESTAMP) <- [null]
2026-07-08 00:02:18.789 TRACE [main] org.hibernate.orm.jdbc.bind - binding parameter (5:VARCHAR) <- [Colosseo, Vaticano e Trastevere]
2026-07-08 00:02:18.789 TRACE [main] org.hibernate.orm.jdbc.bind - binding parameter (6:TIMESTAMP) <- [2026-07-21T00:02:18.263878]
2026-07-08 00:02:18.790 TRACE [main] org.hibernate.orm.jdbc.bind - binding parameter (7:VARCHAR) <- [https://images.unsplash.com/photo-1552832230-c0197dd311b5?ixlib=rb-1.2.1&auto=format&fit=crop&w=800&q=80]
2026-07-08 00:02:18.791 TRACE [main] org.hibernate.orm.jdbc.bind - binding parameter (8:VARCHAR) <- [SYSTEM]
2026-07-08 00:02:18.791 TRACE [main] org.hibernate.orm.jdbc.bind - binding parameter (9:TIMESTAMP) <- [2026-07-18T00:02:18.263847]
2026-07-08 00:02:18.791 TRACE [main] org.hibernate.orm.jdbc.bind - binding parameter (10:VARCHAR) <- [Itinerario Romano]
2026-07-08 00:02:18.791 TRACE [main] org.hibernate.orm.jdbc.bind - binding parameter (11:TIMESTAMP) <- [2026-07-08T00:02:18.520844]
2026-07-08 00:02:18.792 TRACE [main] org.hibernate.orm.jdbc.bind - binding parameter (12:BIGINT) <- [0]
2026-07-08 00:02:18.793 TRACE [main] org.hibernate.orm.jdbc.bind - binding parameter (13:VARCHAR) <- [PRIVATE]
2026-07-08 00:02:18.793 TRACE [main] org.hibernate.orm.jdbc.bind - binding parameter (14:UUID) <- [c181f264-8d4b-416d-9575-d31ba4d053c6]
2026-07-08 00:02:18.796 DEBUG [main] org.hibernate.SQL - insert into itineraries (created_at,created_by,creator_id,deleted_at,description,end_date_time,image_path,last_modified_by,start_date_time,title,updated_at,version,visibility,id) values (?,?,?,?,?,?,?,?,?,?,?,?,?,?)
2026-07-08 00:02:18.797 TRACE [main] org.hibernate.orm.jdbc.bind - binding parameter (1:TIMESTAMP) <- [2026-07-08T00:02:18.521875]
2026-07-08 00:02:18.798 TRACE [main] org.hibernate.orm.jdbc.bind - binding parameter (2:VARCHAR) <- [SYSTEM]
2026-07-08 00:02:18.798 TRACE [main] org.hibernate.orm.jdbc.bind - binding parameter (3:UUID) <- [13bff354-0e62-4a32-9cf6-07eb00ab6c61]
2026-07-08 00:02:18.798 TRACE [main] org.hibernate.orm.jdbc.bind - binding parameter (4:TIMESTAMP) <- [null]
2026-07-08 00:02:18.798 TRACE [main] org.hibernate.orm.jdbc.bind - binding parameter (5:VARCHAR) <- [Escursioni giornaliere sulle Dolomiti]
2026-07-08 00:02:18.800 TRACE [main] org.hibernate.orm.jdbc.bind - binding parameter (6:TIMESTAMP) <- [2026-08-02T00:02:18.264037]
2026-07-08 00:02:18.800 TRACE [main] org.hibernate.orm.jdbc.bind - binding parameter (7:VARCHAR) <- [https://images.unsplash.com/photo-1464822759023-fed622ff2c3b?ixlib=rb-1.2.1&auto=format&fit=crop&w=800&q=80]
2026-07-08 00:02:18.801 TRACE [main] org.hibernate.orm.jdbc.bind - binding parameter (8:VARCHAR) <- [SYSTEM]
2026-07-08 00:02:18.801 TRACE [main] org.hibernate.orm.jdbc.bind - binding parameter (9:TIMESTAMP) <- [2026-07-28T00:02:18.264026]
2026-07-08 00:02:18.805 TRACE [main] org.hibernate.orm.jdbc.bind - binding parameter (10:VARCHAR) <- [Itinerario Alpino]
2026-07-08 00:02:18.806 TRACE [main] org.hibernate.orm.jdbc.bind - binding parameter (11:TIMESTAMP) <- [2026-07-08T00:02:18.521875]
2026-07-08 00:02:18.806 TRACE [main] org.hibernate.orm.jdbc.bind - binding parameter (12:BIGINT) <- [0]
2026-07-08 00:02:18.806 TRACE [main] org.hibernate.orm.jdbc.bind - binding parameter (13:VARCHAR) <- [PRIVATE]
2026-07-08 00:02:18.806 TRACE [main] org.hibernate.orm.jdbc.bind - binding parameter (14:UUID) <- [4816a8db-4a93-483a-b410-a67baa770622]
2026-07-08 00:02:18.810 DEBUG [main] org.hibernate.SQL - insert into itineraries (created_at,created_by,creator_id,deleted_at,description,end_date_time,image_path,last_modified_by,start_date_time,title,updated_at,version,visibility,id) values (?,?,?,?,?,?,?,?,?,?,?,?,?,?)
2026-07-08 00:02:18.810 TRACE [main] org.hibernate.orm.jdbc.bind - binding parameter (1:TIMESTAMP) <- [2026-07-08T00:02:18.522257]
2026-07-08 00:02:18.815 TRACE [main] org.hibernate.orm.jdbc.bind - binding parameter (2:VARCHAR) <- [SYSTEM]
2026-07-08 00:02:18.815 TRACE [main] org.hibernate.orm.jdbc.bind - binding parameter (3:UUID) <- [13bff354-0e62-4a32-9cf6-07eb00ab6c61]
2026-07-08 00:02:18.815 TRACE [main] org.hibernate.orm.jdbc.bind - binding parameter (4:TIMESTAMP) <- [null]
2026-07-08 00:02:18.815 TRACE [main] org.hibernate.orm.jdbc.bind - binding parameter (5:VARCHAR) <- [Safari nel Masai Mara]
2026-07-08 00:02:18.815 TRACE [main] org.hibernate.orm.jdbc.bind - binding parameter (6:TIMESTAMP) <- [2026-08-24T00:02:18.265277]
2026-07-08 00:02:18.815 TRACE [main] org.hibernate.orm.jdbc.bind - binding parameter (7:VARCHAR) <- [null]
2026-07-08 00:02:18.815 TRACE [main] org.hibernate.orm.jdbc.bind - binding parameter (8:VARCHAR) <- [SYSTEM]
2026-07-08 00:02:18.817 TRACE [main] org.hibernate.orm.jdbc.bind - binding parameter (9:TIMESTAMP) <- [2026-08-17T00:02:18.265264]
2026-07-08 00:02:18.821 TRACE [main] org.hibernate.orm.jdbc.bind - binding parameter (10:VARCHAR) <- [Avventura Safari]
2026-07-08 00:02:18.822 TRACE [main] org.hibernate.orm.jdbc.bind - binding parameter (11:TIMESTAMP) <- [2026-07-08T00:02:18.522257]
2026-07-08 00:02:18.822 TRACE [main] org.hibernate.orm.jdbc.bind - binding parameter (12:BIGINT) <- [0]
2026-07-08 00:02:18.822 TRACE [main] org.hibernate.orm.jdbc.bind - binding parameter (13:VARCHAR) <- [PRIVATE]
2026-07-08 00:02:18.823 TRACE [main] org.hibernate.orm.jdbc.bind - binding parameter (14:UUID) <- [d93ab45a-3f7d-48dd-8c98-ff5058ca41a4]
2026-07-08 00:02:18.837 DEBUG [main] org.hibernate.SQL - insert into user_preferences (user_id,preference) values (?,?)
2026-07-08 00:02:18.838 TRACE [main] org.hibernate.orm.jdbc.bind - binding parameter (1:UUID) <- [7e149459-c1d1-4a36-9d68-ab573744c149]
2026-07-08 00:02:18.839 TRACE [main] org.hibernate.orm.jdbc.bind - binding parameter (2:ENUM) <- [AVVENTURA]
2026-07-08 00:02:18.840 DEBUG [main] org.hibernate.SQL - insert into user_preferences (user_id,preference) values (?,?)
2026-07-08 00:02:18.841 TRACE [main] org.hibernate.orm.jdbc.bind - binding parameter (1:UUID) <- [7e149459-c1d1-4a36-9d68-ab573744c149]
2026-07-08 00:02:18.841 TRACE [main] org.hibernate.orm.jdbc.bind - binding parameter (2:ENUM) <- [NATURA]
2026-07-08 00:02:18.842 DEBUG [main] org.hibernate.SQL - insert into activity_template_images (activity_template_id,image_url) values (?,?)
2026-07-08 00:02:18.842 TRACE [main] org.hibernate.orm.jdbc.bind - binding parameter (1:UUID) <- [e27cdf24-f450-421e-afae-c027371f883b]
2026-07-08 00:02:18.842 TRACE [main] org.hibernate.orm.jdbc.bind - binding parameter (2:VARCHAR) <- [https://images.unsplash.com/photo-1552832230-c0197dd311b5?ixlib=rb-1.2.1&auto=format&fit=crop&w=800&q=80]
2026-07-08 00:02:18.843 DEBUG [main] org.hibernate.SQL - insert into activity_template_tags (activity_template_id,tag) values (?,?)
2026-07-08 00:02:18.843 TRACE [main] org.hibernate.orm.jdbc.bind - binding parameter (1:UUID) <- [e27cdf24-f450-421e-afae-c027371f883b]
2026-07-08 00:02:18.844 TRACE [main] org.hibernate.orm.jdbc.bind - binding parameter (2:ENUM) <- [CULTURA]
2026-07-08 00:02:18.845 DEBUG [main] org.hibernate.SQL - insert into activity_template_tags (activity_template_id,tag) values (?,?)
2026-07-08 00:02:18.845 TRACE [main] org.hibernate.orm.jdbc.bind - binding parameter (1:UUID) <- [e27cdf24-f450-421e-afae-c027371f883b]
2026-07-08 00:02:18.845 TRACE [main] org.hibernate.orm.jdbc.bind - binding parameter (2:ENUM) <- [STORIA]
2026-07-08 00:02:18.846 DEBUG [main] org.hibernate.SQL - insert into activity_template_tags (activity_template_id,tag) values (?,?)
2026-07-08 00:02:18.846 TRACE [main] org.hibernate.orm.jdbc.bind - binding parameter (1:UUID) <- [dd54f6af-b49d-46fb-9df3-d83030764612]
2026-07-08 00:02:18.846 TRACE [main] org.hibernate.orm.jdbc.bind - binding parameter (2:ENUM) <- [CULTURA]
2026-07-08 00:02:18.846 DEBUG [main] org.hibernate.SQL - insert into activity_template_tags (activity_template_id,tag) values (?,?)
2026-07-08 00:02:18.846 TRACE [main] org.hibernate.orm.jdbc.bind - binding parameter (1:UUID) <- [dd54f6af-b49d-46fb-9df3-d83030764612]
2026-07-08 00:02:18.846 TRACE [main] org.hibernate.orm.jdbc.bind - binding parameter (2:ENUM) <- [CIBO]
2026-07-08 00:02:18.847 DEBUG [main] org.hibernate.SQL - insert into activity_template_images (activity_template_id,image_url) values (?,?)
2026-07-08 00:02:18.847 TRACE [main] org.hibernate.orm.jdbc.bind - binding parameter (1:UUID) <- [f460961f-cc26-4b91-8367-217e2f57c674]
2026-07-08 00:02:18.847 TRACE [main] org.hibernate.orm.jdbc.bind - binding parameter (2:VARCHAR) <- [https://images.unsplash.com/photo-1464822759023-fed622ff2c3b?ixlib=rb-1.2.1&auto=format&fit=crop&w=800&q=80]
2026-07-08 00:02:18.848 DEBUG [main] org.hibernate.SQL - insert into activity_template_tags (activity_template_id,tag) values (?,?)
2026-07-08 00:02:18.864 TRACE [main] org.hibernate.orm.jdbc.bind - binding parameter (1:UUID) <- [f460961f-cc26-4b91-8367-217e2f57c674]
2026-07-08 00:02:18.865 TRACE [main] org.hibernate.orm.jdbc.bind - binding parameter (2:ENUM) <- [AVVENTURA]
2026-07-08 00:02:18.866 DEBUG [main] org.hibernate.SQL - insert into activity_template_tags (activity_template_id,tag) values (?,?)
2026-07-08 00:02:18.866 TRACE [main] org.hibernate.orm.jdbc.bind - binding parameter (1:UUID) <- [f460961f-cc26-4b91-8367-217e2f57c674]
2026-07-08 00:02:18.866 TRACE [main] org.hibernate.orm.jdbc.bind - binding parameter (2:ENUM) <- [MONTAGNA]
2026-07-08 00:02:18.867 DEBUG [main] org.hibernate.SQL - insert into activity_template_tags (activity_template_id,tag) values (?,?)
2026-07-08 00:02:18.867 TRACE [main] org.hibernate.orm.jdbc.bind - binding parameter (1:UUID) <- [f460961f-cc26-4b91-8367-217e2f57c674]
2026-07-08 00:02:18.867 TRACE [main] org.hibernate.orm.jdbc.bind - binding parameter (2:ENUM) <- [NATURA]
2026-07-08 00:02:18.867 DEBUG [main] org.hibernate.SQL - insert into activity_template_tags (activity_template_id,tag) values (?,?)
2026-07-08 00:02:18.868 TRACE [main] org.hibernate.orm.jdbc.bind - binding parameter (1:UUID) <- [f460961f-cc26-4b91-8367-217e2f57c674]
2026-07-08 00:02:18.868 TRACE [main] org.hibernate.orm.jdbc.bind - binding parameter (2:ENUM) <- [TREKKING]
2026-07-08 00:02:18.868 DEBUG [main] org.hibernate.SQL - insert into activity_template_tags (activity_template_id,tag) values (?,?)
2026-07-08 00:02:18.868 TRACE [main] org.hibernate.orm.jdbc.bind - binding parameter (1:UUID) <- [2874d738-ce39-49f5-8b98-ea6b67077c41]
2026-07-08 00:02:18.869 TRACE [main] org.hibernate.orm.jdbc.bind - binding parameter (2:ENUM) <- [MONTAGNA]
2026-07-08 00:02:18.870 DEBUG [main] org.hibernate.SQL - insert into activity_template_tags (activity_template_id,tag) values (?,?)
2026-07-08 00:02:18.870 TRACE [main] org.hibernate.orm.jdbc.bind - binding parameter (1:UUID) <- [2874d738-ce39-49f5-8b98-ea6b67077c41]
2026-07-08 00:02:18.870 TRACE [main] org.hibernate.orm.jdbc.bind - binding parameter (2:ENUM) <- [RELAX]
2026-07-08 00:02:18.870 DEBUG [main] org.hibernate.SQL - insert into activity_template_tags (activity_template_id,tag) values (?,?)
2026-07-08 00:02:18.871 TRACE [main] org.hibernate.orm.jdbc.bind - binding parameter (1:UUID) <- [2a612789-dadc-46ca-9180-460e9ac8b2f8]
2026-07-08 00:02:18.871 TRACE [main] org.hibernate.orm.jdbc.bind - binding parameter (2:ENUM) <- [AVVENTURA]
2026-07-08 00:02:18.871 DEBUG [main] org.hibernate.SQL - insert into activity_template_tags (activity_template_id,tag) values (?,?)
2026-07-08 00:02:18.871 TRACE [main] org.hibernate.orm.jdbc.bind - binding parameter (1:UUID) <- [2a612789-dadc-46ca-9180-460e9ac8b2f8]
2026-07-08 00:02:18.871 TRACE [main] org.hibernate.orm.jdbc.bind - binding parameter (2:ENUM) <- [NATURA]
2026-07-08 00:02:18.872 DEBUG [main] org.hibernate.SQL - insert into activity_template_tags (activity_template_id,tag) values (?,?)
2026-07-08 00:02:18.873 TRACE [main] org.hibernate.orm.jdbc.bind - binding parameter (1:UUID) <- [2a612789-dadc-46ca-9180-460e9ac8b2f8]
2026-07-08 00:02:18.873 TRACE [main] org.hibernate.orm.jdbc.bind - binding parameter (2:ENUM) <- [SAFARI]
2026-07-08 00:02:18.874 DEBUG [main] org.hibernate.SQL - insert into activity_template_tags (activity_template_id,tag) values (?,?)
2026-07-08 00:02:18.875 TRACE [main] org.hibernate.orm.jdbc.bind - binding parameter (1:UUID) <- [2a612789-dadc-46ca-9180-460e9ac8b2f8]
2026-07-08 00:02:18.875 TRACE [main] org.hibernate.orm.jdbc.bind - binding parameter (2:ENUM) <- [ANIMALI]
2026-07-08 00:02:18.875 DEBUG [main] org.hibernate.SQL - insert into activity_template_images (activity_template_id,image_url) values (?,?)
2026-07-08 00:02:18.875 TRACE [main] org.hibernate.orm.jdbc.bind - binding parameter (1:UUID) <- [6544dedc-fa20-49b8-aa4e-823cf8e6bbf5]
2026-07-08 00:02:18.875 TRACE [main] org.hibernate.orm.jdbc.bind - binding parameter (2:VARCHAR) <- [https://images.unsplash.com/photo-1556910103-1c02745aae4d?ixlib=rb-1.2.1&auto=format&fit=crop&w=800&q=80]
2026-07-08 00:02:18.876 DEBUG [main] org.hibernate.SQL - insert into activity_template_tags (activity_template_id,tag) values (?,?)
2026-07-08 00:02:18.877 TRACE [main] org.hibernate.orm.jdbc.bind - binding parameter (1:UUID) <- [6544dedc-fa20-49b8-aa4e-823cf8e6bbf5]
2026-07-08 00:02:18.879 TRACE [main] org.hibernate.orm.jdbc.bind - binding parameter (2:ENUM) <- [CULTURA]
2026-07-08 00:02:18.888 DEBUG [main] org.hibernate.SQL - insert into activity_template_tags (activity_template_id,tag) values (?,?)
2026-07-08 00:02:18.890 TRACE [main] org.hibernate.orm.jdbc.bind - binding parameter (1:UUID) <- [6544dedc-fa20-49b8-aa4e-823cf8e6bbf5]
2026-07-08 00:02:18.893 TRACE [main] org.hibernate.orm.jdbc.bind - binding parameter (2:ENUM) <- [CIBO]
2026-07-08 00:02:18.900 DEBUG [main] org.hibernate.SQL - insert into activity_template_tags (activity_template_id,tag) values (?,?)
2026-07-08 00:02:18.900 TRACE [main] org.hibernate.orm.jdbc.bind - binding parameter (1:UUID) <- [a8627c65-9626-4177-9452-9caa812e6b70]
2026-07-08 00:02:18.900 TRACE [main] org.hibernate.orm.jdbc.bind - binding parameter (2:ENUM) <- [ROMANTICISMO]
2026-07-08 00:02:18.902 DEBUG [main] org.hibernate.SQL - insert into activity_template_tags (activity_template_id,tag) values (?,?)
2026-07-08 00:02:18.904 TRACE [main] org.hibernate.orm.jdbc.bind - binding parameter (1:UUID) <- [a8627c65-9626-4177-9452-9caa812e6b70]
2026-07-08 00:02:18.904 TRACE [main] org.hibernate.orm.jdbc.bind - binding parameter (2:ENUM) <- [CULTURA]
2026-07-08 00:02:18.904 DEBUG [main] org.hibernate.SQL - insert into activity_template_tags (activity_template_id,tag) values (?,?)
2026-07-08 00:02:18.905 TRACE [main] org.hibernate.orm.jdbc.bind - binding parameter (1:UUID) <- [64d49a3c-389f-4297-a53e-238ac36d196a]
2026-07-08 00:02:18.905 TRACE [main] org.hibernate.orm.jdbc.bind - binding parameter (2:ENUM) <- [CULTURA]
2026-07-08 00:02:18.905 DEBUG [main] org.hibernate.SQL - insert into activity_template_tags (activity_template_id,tag) values (?,?)
2026-07-08 00:02:18.905 TRACE [main] org.hibernate.orm.jdbc.bind - binding parameter (1:UUID) <- [64d49a3c-389f-4297-a53e-238ac36d196a]
2026-07-08 00:02:18.905 TRACE [main] org.hibernate.orm.jdbc.bind - binding parameter (2:ENUM) <- [CITTA]
2026-07-08 00:02:18.925 DEBUG [main] org.hibernate.SQL - insert into itinerary_activities (itinerary_id,activity_id) values (?,?)
2026-07-08 00:02:18.932 TRACE [main] org.hibernate.orm.jdbc.bind - binding parameter (1:UUID) <- [c181f264-8d4b-416d-9575-d31ba4d053c6]
2026-07-08 00:02:18.943 TRACE [main] org.hibernate.orm.jdbc.bind - binding parameter (2:UUID) <- [bfe094a1-b33f-42e7-a371-9cf140bbb48b]
2026-07-08 00:02:18.945 DEBUG [main] org.hibernate.SQL - insert into itinerary_activities (itinerary_id,activity_id) values (?,?)
2026-07-08 00:02:18.945 TRACE [main] org.hibernate.orm.jdbc.bind - binding parameter (1:UUID) <- [c181f264-8d4b-416d-9575-d31ba4d053c6]
2026-07-08 00:02:18.945 TRACE [main] org.hibernate.orm.jdbc.bind - binding parameter (2:UUID) <- [426e777d-1d93-4cbe-8bcb-eac36ed978a8]
2026-07-08 00:02:18.946 DEBUG [main] org.hibernate.SQL - insert into itinerary_activities (itinerary_id,activity_id) values (?,?)
2026-07-08 00:02:18.946 TRACE [main] org.hibernate.orm.jdbc.bind - binding parameter (1:UUID) <- [4816a8db-4a93-483a-b410-a67baa770622]
2026-07-08 00:02:18.947 TRACE [main] org.hibernate.orm.jdbc.bind - binding parameter (2:UUID) <- [7d9c6e58-6d3c-453d-b8ee-9c925ed814fc]
2026-07-08 00:02:18.947 DEBUG [main] org.hibernate.SQL - insert into itinerary_activities (itinerary_id,activity_id) values (?,?)
2026-07-08 00:02:18.949 TRACE [main] org.hibernate.orm.jdbc.bind - binding parameter (1:UUID) <- [4816a8db-4a93-483a-b410-a67baa770622]
2026-07-08 00:02:18.949 TRACE [main] org.hibernate.orm.jdbc.bind - binding parameter (2:UUID) <- [958694eb-7cdf-4301-ae87-4b901516f417]
2026-07-08 00:02:18.950 DEBUG [main] org.hibernate.SQL - insert into itinerary_activities (itinerary_id,activity_id) values (?,?)
2026-07-08 00:02:18.950 TRACE [main] org.hibernate.orm.jdbc.bind - binding parameter (1:UUID) <- [d93ab45a-3f7d-48dd-8c98-ff5058ca41a4]
2026-07-08 00:02:18.951 TRACE [main] org.hibernate.orm.jdbc.bind - binding parameter (2:UUID) <- [06efb3fd-4676-4361-b50e-4991cd70e403]
2026-07-08 00:02:18.951 DEBUG [main] org.hibernate.SQL - select u1_0.id,u1_0.approved,u1_0.avatar_url,u1_0.blocked,u1_0.company_name,u1_0.created_at,u1_0.deleted_at,u1_0.email,u1_0.email_verified,u1_0.first_name,u1_0.keycloak_id,u1_0.last_name,u1_0.password_hash,u1_0.phone,u1_0.roles,u1_0.updated_at,u1_0.user_type,u1_0.vat_number from users u1_0 where (u1_0.deleted_at IS NULL) and u1_0.user_type=?
2026-07-08 00:02:18.955 TRACE [main] org.hibernate.orm.jdbc.bind - binding parameter (1:ENUM) <- [VIAGGIATORE]
2026-07-08 00:02:19.077 DEBUG [main] org.hibernate.SQL - select at1_0.id,at1_0.approved,at1_0.created_at,at1_0.created_by,at1_0.deleted_at,at1_0.description,at1_0.last_modified_by,at1_0.location,at1_0.location_id,at1_0.name,at1_0.organizer_id,at1_0.updated_at,at1_0.version from activity_templates at1_0 where (at1_0.deleted_at IS NULL)
2026-07-08 00:02:19.172 DEBUG [main] org.hibernate.SQL - select i1_0.id,i1_0.created_at,i1_0.created_by,i1_0.creator_id,i1_0.deleted_at,i1_0.description,i1_0.end_date_time,i1_0.image_path,i1_0.last_modified_by,i1_0.start_date_time,i1_0.title,i1_0.updated_at,i1_0.version,i1_0.visibility from itineraries i1_0 where (i1_0.deleted_at IS NULL)
2026-07-08 00:02:19.201 DEBUG [main] org.hibernate.SQL - insert into reviews (activity_template_id,author_id,comment,created_at,created_by,deleted_at,itinerary_id,last_modified_by,rating,updated_at,version,id) values (?,?,?,?,?,?,?,?,?,?,?,?)
2026-07-08 00:02:19.201 TRACE [main] org.hibernate.orm.jdbc.bind - binding parameter (1:UUID) <- [e27cdf24-f450-421e-afae-c027371f883b]
2026-07-08 00:02:19.202 TRACE [main] org.hibernate.orm.jdbc.bind - binding parameter (2:UUID) <- [7e149459-c1d1-4a36-9d68-ab573744c149]
2026-07-08 00:02:19.202 TRACE [main] org.hibernate.orm.jdbc.bind - binding parameter (3:VARCHAR) <- [Attività fantastica, guida super preparata!]
2026-07-08 00:02:19.202 TRACE [main] org.hibernate.orm.jdbc.bind - binding parameter (4:TIMESTAMP) <- [2026-07-08T00:02:19.156275]
2026-07-08 00:02:19.202 TRACE [main] org.hibernate.orm.jdbc.bind - binding parameter (5:VARCHAR) <- [SYSTEM]
2026-07-08 00:02:19.202 TRACE [main] org.hibernate.orm.jdbc.bind - binding parameter (6:TIMESTAMP) <- [null]
2026-07-08 00:02:19.202 TRACE [main] org.hibernate.orm.jdbc.bind - binding parameter (7:UUID) <- [null]
2026-07-08 00:02:19.202 TRACE [main] org.hibernate.orm.jdbc.bind - binding parameter (8:VARCHAR) <- [SYSTEM]
2026-07-08 00:02:19.202 TRACE [main] org.hibernate.orm.jdbc.bind - binding parameter (9:INTEGER) <- [5]
2026-07-08 00:02:19.202 TRACE [main] org.hibernate.orm.jdbc.bind - binding parameter (10:TIMESTAMP) <- [2026-07-08T00:02:19.156275]
2026-07-08 00:02:19.203 TRACE [main] org.hibernate.orm.jdbc.bind - binding parameter (11:BIGINT) <- [0]
2026-07-08 00:02:19.203 TRACE [main] org.hibernate.orm.jdbc.bind - binding parameter (12:UUID) <- [67ee0a89-7220-4019-b154-a9b245a6efe7]
2026-07-08 00:02:19.216 DEBUG [main] org.hibernate.SQL - insert into reviews (activity_template_id,author_id,comment,created_at,created_by,deleted_at,itinerary_id,last_modified_by,rating,updated_at,version,id) values (?,?,?,?,?,?,?,?,?,?,?,?)
2026-07-08 00:02:19.216 TRACE [main] org.hibernate.orm.jdbc.bind - binding parameter (1:UUID) <- [dd54f6af-b49d-46fb-9df3-d83030764612]
2026-07-08 00:02:19.216 TRACE [main] org.hibernate.orm.jdbc.bind - binding parameter (2:UUID) <- [7e149459-c1d1-4a36-9d68-ab573744c149]
2026-07-08 00:02:19.216 TRACE [main] org.hibernate.orm.jdbc.bind - binding parameter (3:VARCHAR) <- [Molto bello, ma faceva un po' freddo.]
2026-07-08 00:02:19.216 TRACE [main] org.hibernate.orm.jdbc.bind - binding parameter (4:TIMESTAMP) <- [2026-07-08T00:02:19.159557]
2026-07-08 00:02:19.216 TRACE [main] org.hibernate.orm.jdbc.bind - binding parameter (5:VARCHAR) <- [SYSTEM]
2026-07-08 00:02:19.217 TRACE [main] org.hibernate.orm.jdbc.bind - binding parameter (6:TIMESTAMP) <- [null]
2026-07-08 00:02:19.217 TRACE [main] org.hibernate.orm.jdbc.bind - binding parameter (7:UUID) <- [null]
2026-07-08 00:02:19.217 TRACE [main] org.hibernate.orm.jdbc.bind - binding parameter (8:VARCHAR) <- [SYSTEM]
2026-07-08 00:02:19.217 TRACE [main] org.hibernate.orm.jdbc.bind - binding parameter (9:INTEGER) <- [4]
2026-07-08 00:02:19.217 TRACE [main] org.hibernate.orm.jdbc.bind - binding parameter (10:TIMESTAMP) <- [2026-07-08T00:02:19.159557]
2026-07-08 00:02:19.217 TRACE [main] org.hibernate.orm.jdbc.bind - binding parameter (11:BIGINT) <- [0]
2026-07-08 00:02:19.217 TRACE [main] org.hibernate.orm.jdbc.bind - binding parameter (12:UUID) <- [69f6180d-129a-4ed2-a3da-27b2a7659a82]
2026-07-08 00:02:19.218 DEBUG [main] org.hibernate.SQL - insert into reviews (activity_template_id,author_id,comment,created_at,created_by,deleted_at,itinerary_id,last_modified_by,rating,updated_at,version,id) values (?,?,?,?,?,?,?,?,?,?,?,?)
2026-07-08 00:02:19.218 TRACE [main] org.hibernate.orm.jdbc.bind - binding parameter (1:UUID) <- [null]
2026-07-08 00:02:19.218 TRACE [main] org.hibernate.orm.jdbc.bind - binding parameter (2:UUID) <- [7e149459-c1d1-4a36-9d68-ab573744c149]
2026-07-08 00:02:19.219 TRACE [main] org.hibernate.orm.jdbc.bind - binding parameter (3:VARCHAR) <- [L'itinerario nel complesso è stato indimenticabile. Consigliatissimo!]
2026-07-08 00:02:19.219 TRACE [main] org.hibernate.orm.jdbc.bind - binding parameter (4:TIMESTAMP) <- [2026-07-08T00:02:19.183777]
2026-07-08 00:02:19.219 TRACE [main] org.hibernate.orm.jdbc.bind - binding parameter (5:VARCHAR) <- [SYSTEM]
2026-07-08 00:02:19.219 TRACE [main] org.hibernate.orm.jdbc.bind - binding parameter (6:TIMESTAMP) <- [null]
2026-07-08 00:02:19.219 TRACE [main] org.hibernate.orm.jdbc.bind - binding parameter (7:UUID) <- [c181f264-8d4b-416d-9575-d31ba4d053c6]
2026-07-08 00:02:19.219 TRACE [main] org.hibernate.orm.jdbc.bind - binding parameter (8:VARCHAR) <- [SYSTEM]
2026-07-08 00:02:19.219 TRACE [main] org.hibernate.orm.jdbc.bind - binding parameter (9:INTEGER) <- [5]
2026-07-08 00:02:19.242 TRACE [main] org.hibernate.orm.jdbc.bind - binding parameter (10:TIMESTAMP) <- [2026-07-08T00:02:19.183777]
2026-07-08 00:02:19.242 TRACE [main] org.hibernate.orm.jdbc.bind - binding parameter (11:BIGINT) <- [0]
2026-07-08 00:02:19.242 TRACE [main] org.hibernate.orm.jdbc.bind - binding parameter (12:UUID) <- [ebc657cc-b804-4ceb-9769-7eb6452d58de]
