2026-07-06 19:22:32.373 INFO  [http-nio-8080-exec-1] security-audit - REQUEST_START: method=POST, uri=/api/auth/login, user=SYSTEM
2026-07-06 19:22:33.164 INFO  [http-nio-8080-exec-1] security-audit - LOGIN_SUCCESS: User email=api_test_traveler@example.com
2026-07-06 19:22:33.323 INFO  [http-nio-8080-exec-1] security-audit - REQUEST_END: method=POST, uri=/api/auth/login, user=SYSTEM
2026-07-06 19:22:33.651 INFO  [http-nio-8080-exec-2] security-audit - REQUEST_START: method=GET, uri=/user/me, user=api_test_traveler@example.com
2026-07-06 19:22:33.690 INFO  [http-nio-8080-exec-2] security-audit - REQUEST_END: method=GET, uri=/user/me, user=api_test_traveler@example.com
2026-07-06 19:22:33.719 INFO  [http-nio-8080-exec-3] security-audit - REQUEST_START: method=GET, uri=/activity/search, user=api_test_traveler@example.com
2026-07-06 19:22:33.826 INFO  [http-nio-8080-exec-3] security-audit - REQUEST_END: method=GET, uri=/activity/search, user=api_test_traveler@example.com
2026-07-06 19:22:33.833 INFO  [http-nio-8080-exec-4] security-audit - REQUEST_START: method=GET, uri=/api/location/search, user=api_test_traveler@example.com
2026-07-06 19:22:33.846 INFO  [http-nio-8080-exec-4] security-audit - REQUEST_END: method=GET, uri=/api/location/search, user=api_test_traveler@example.com
2026-07-06 19:22:33.857 INFO  [http-nio-8080-exec-5] security-audit - REQUEST_START: method=GET, uri=/activity/search, user=api_test_traveler@example.com
2026-07-06 19:22:33.884 INFO  [http-nio-8080-exec-5] security-audit - REQUEST_END: method=GET, uri=/activity/search, user=api_test_traveler@example.com
2026-07-06 19:22:33.893 INFO  [http-nio-8080-exec-6] security-audit - REQUEST_START: method=GET, uri=/api/location/search, user=api_test_traveler@example.com
2026-07-06 19:22:33.901 INFO  [http-nio-8080-exec-6] security-audit - REQUEST_END: method=GET, uri=/api/location/search, user=api_test_traveler@example.com
2026-07-06 19:22:35.146 INFO  [http-nio-8080-exec-7] security-audit - REQUEST_START: method=GET, uri=/itinerary, user=api_test_traveler@example.com
2026-07-06 19:22:35.165 INFO  [http-nio-8080-exec-7] security-audit - REQUEST_END: method=GET, uri=/itinerary, user=api_test_traveler@example.com
2026-07-06 19:22:35.178 INFO  [http-nio-8080-exec-8] security-audit - REQUEST_START: method=GET, uri=/activity, user=api_test_traveler@example.com
2026-07-06 19:22:35.203 INFO  [http-nio-8080-exec-8] security-audit - REQUEST_END: method=GET, uri=/activity, user=api_test_traveler@example.com
2026-07-06 19:22:35.721 INFO  [http-nio-8080-exec-10] security-audit - REQUEST_START: method=GET, uri=/itinerary/958f0bc0-d9bc-4b42-b40a-6a47ab6a6511/image, user=anonymousUser
2026-07-06 19:22:35.721 INFO  [http-nio-8080-exec-9] security-audit - REQUEST_START: method=GET, uri=/itinerary/944a2de8-8a77-417d-bb22-b1c72b505dba/image, user=anonymousUser
2026-07-06 19:22:35.751 INFO  [http-nio-8080-exec-9] security-audit - REQUEST_END: method=GET, uri=/itinerary/944a2de8-8a77-417d-bb22-b1c72b505dba/image, user=anonymousUser
2026-07-06 19:22:35.751 INFO  [http-nio-8080-exec-10] security-audit - REQUEST_END: method=GET, uri=/itinerary/958f0bc0-d9bc-4b42-b40a-6a47ab6a6511/image, user=anonymousUser
2026-07-06 19:22:38.248 INFO  [http-nio-8080-exec-1] security-audit - REQUEST_START: method=GET, uri=/itinerary/944a2de8-8a77-417d-bb22-b1c72b505dba/image, user=anonymousUser
2026-07-06 19:22:38.252 INFO  [http-nio-8080-exec-1] security-audit - REQUEST_END: method=GET, uri=/itinerary/944a2de8-8a77-417d-bb22-b1c72b505dba/image, user=anonymousUser
2026-07-06 19:22:41.235 INFO  [http-nio-8080-exec-2] security-audit - REQUEST_START: method=GET, uri=/itinerary, user=api_test_traveler@example.com
2026-07-06 19:22:41.251 INFO  [http-nio-8080-exec-2] security-audit - REQUEST_END: method=GET, uri=/itinerary, user=api_test_traveler@example.com
2026-07-06 19:22:41.262 INFO  [http-nio-8080-exec-5] security-audit - REQUEST_START: method=GET, uri=/activity, user=api_test_traveler@example.com
2026-07-06 19:22:41.276 INFO  [http-nio-8080-exec-5] security-audit - REQUEST_END: method=GET, uri=/activity, user=api_test_traveler@example.com
2026-07-06 19:22:41.784 INFO  [http-nio-8080-exec-7] security-audit - REQUEST_START: method=GET, uri=/itinerary/958f0bc0-d9bc-4b42-b40a-6a47ab6a6511/image, user=anonymousUser
2026-07-06 19:22:41.784 INFO  [http-nio-8080-exec-6] security-audit - REQUEST_START: method=GET, uri=/itinerary/944a2de8-8a77-417d-bb22-b1c72b505dba/image, user=anonymousUser
2026-07-06 19:22:41.789 INFO  [http-nio-8080-exec-6] security-audit - REQUEST_END: method=GET, uri=/itinerary/944a2de8-8a77-417d-bb22-b1c72b505dba/image, user=anonymousUser
2026-07-06 19:22:41.789 INFO  [http-nio-8080-exec-7] security-audit - REQUEST_END: method=GET, uri=/itinerary/958f0bc0-d9bc-4b42-b40a-6a47ab6a6511/image, user=anonymousUser
2026-07-06 19:22:42.294 INFO  [http-nio-8080-exec-8] security-audit - REQUEST_START: method=GET, uri=/itinerary/944a2de8-8a77-417d-bb22-b1c72b505dba/image, user=anonymousUser
2026-07-06 19:22:42.298 INFO  [http-nio-8080-exec-8] security-audit - REQUEST_END: method=GET, uri=/itinerary/944a2de8-8a77-417d-bb22-b1c72b505dba/image, user=anonymousUser
2026-07-06 19:22:44.613 INFO  [http-nio-8080-exec-9] security-audit - REQUEST_START: method=POST, uri=/itinerary/944a2de8-8a77-417d-bb22-b1c72b505dba/book, user=api_test_traveler@example.com
2026-07-06 19:22:45.670 INFO  [http-nio-8080-exec-9] security-audit - REQUEST_END: method=POST, uri=/itinerary/944a2de8-8a77-417d-bb22-b1c72b505dba/book, user=api_test_traveler@example.com
2026-07-06 19:22:48.512 INFO  [http-nio-8080-exec-10] security-audit - REQUEST_START: method=POST, uri=/itinerary/944a2de8-8a77-417d-bb22-b1c72b505dba/book, user=api_test_traveler@example.com
2026-07-06 19:22:48.590 INFO  [http-nio-8080-exec-10] security-audit - REQUEST_END: method=POST, uri=/itinerary/944a2de8-8a77-417d-bb22-b1c72b505dba/book, user=api_test_traveler@example.com
2026-07-06 19:22:51.915 INFO  [http-nio-8080-exec-1] security-audit - REQUEST_START: method=GET, uri=/itinerary, user=api_test_traveler@example.com
2026-07-06 19:22:51.928 INFO  [http-nio-8080-exec-1] security-audit - REQUEST_END: method=GET, uri=/itinerary, user=api_test_traveler@example.com
2026-07-06 19:22:51.939 INFO  [http-nio-8080-exec-4] security-audit - REQUEST_START: method=GET, uri=/activity, user=api_test_traveler@example.com
2026-07-06 19:22:51.952 INFO  [http-nio-8080-exec-4] security-audit - REQUEST_END: method=GET, uri=/activity, user=api_test_traveler@example.com
2026-07-06 19:22:52.461 INFO  [http-nio-8080-exec-5] security-audit - REQUEST_START: method=GET, uri=/itinerary/958f0bc0-d9bc-4b42-b40a-6a47ab6a6511/image, user=anonymousUser
2026-07-06 19:22:52.461 INFO  [http-nio-8080-exec-6] security-audit - REQUEST_START: method=GET, uri=/itinerary/944a2de8-8a77-417d-bb22-b1c72b505dba/image, user=anonymousUser
2026-07-06 19:22:52.464 INFO  [http-nio-8080-exec-5] security-audit - REQUEST_END: method=GET, uri=/itinerary/958f0bc0-d9bc-4b42-b40a-6a47ab6a6511/image, user=anonymousUser
2026-07-06 19:22:52.464 INFO  [http-nio-8080-exec-6] security-audit - REQUEST_END: method=GET, uri=/itinerary/944a2de8-8a77-417d-bb22-b1c72b505dba/image, user=anonymousUser
2026-07-06 19:22:53.988 INFO  [http-nio-8080-exec-7] security-audit - REQUEST_START: method=GET, uri=/itinerary/958f0bc0-d9bc-4b42-b40a-6a47ab6a6511/image, user=anonymousUser
2026-07-06 19:22:53.991 INFO  [http-nio-8080-exec-7] security-audit - REQUEST_END: method=GET, uri=/itinerary/958f0bc0-d9bc-4b42-b40a-6a47ab6a6511/image, user=anonymousUser
2026-07-06 19:22:57.669 INFO  [http-nio-8080-exec-8] security-audit - REQUEST_START: method=POST, uri=/itinerary/958f0bc0-d9bc-4b42-b40a-6a47ab6a6511/book, user=api_test_traveler@example.com
2026-07-06 19:22:57.880 INFO  [http-nio-8080-exec-8] security-audit - REQUEST_END: method=POST, uri=/itinerary/958f0bc0-d9bc-4b42-b40a-6a47ab6a6511/book, user=api_test_traveler@example.com
2026-07-06 19:22:59.916 INFO  [http-nio-8080-exec-1] security-audit - REQUEST_START: method=GET, uri=/itinerary, user=api_test_traveler@example.com
2026-07-06 19:22:59.928 INFO  [http-nio-8080-exec-1] security-audit - REQUEST_END: method=GET, uri=/itinerary, user=api_test_traveler@example.com
2026-07-06 19:23:00.423 INFO  [http-nio-8080-exec-2] security-audit - REQUEST_START: method=GET, uri=/activity, user=api_test_traveler@example.com
2026-07-06 19:23:00.434 INFO  [http-nio-8080-exec-2] security-audit - REQUEST_END: method=GET, uri=/activity, user=api_test_traveler@example.com
2026-07-06 19:23:00.944 INFO  [http-nio-8080-exec-3] security-audit - REQUEST_START: method=GET, uri=/itinerary/944a2de8-8a77-417d-bb22-b1c72b505dba/image, user=anonymousUser
2026-07-06 19:23:00.944 INFO  [http-nio-8080-exec-4] security-audit - REQUEST_START: method=GET, uri=/itinerary/958f0bc0-d9bc-4b42-b40a-6a47ab6a6511/image, user=anonymousUser
2026-07-06 19:23:00.948 INFO  [http-nio-8080-exec-3] security-audit - REQUEST_END: method=GET, uri=/itinerary/944a2de8-8a77-417d-bb22-b1c72b505dba/image, user=anonymousUser
2026-07-06 19:23:00.948 INFO  [http-nio-8080-exec-4] security-audit - REQUEST_END: method=GET, uri=/itinerary/958f0bc0-d9bc-4b42-b40a-6a47ab6a6511/image, user=anonymousUser
2026-07-06 19:23:03.462 INFO  [http-nio-8080-exec-6] security-audit - REQUEST_START: method=GET, uri=/itinerary/944a2de8-8a77-417d-bb22-b1c72b505dba/image, user=anonymousUser
2026-07-06 19:23:03.465 INFO  [http-nio-8080-exec-6] security-audit - REQUEST_END: method=GET, uri=/itinerary/944a2de8-8a77-417d-bb22-b1c72b505dba/image, user=anonymousUser
